mkdir: cannot create directory ‘../projects’: File exists
Git cloning hadoop and https://github.com/apache/hadoop
fatal: destination path 'hadoop' already exists and is not an empty directory.
HEAD is now at cc2babc... HDFS-13950. ACL documentation update to indicate that ACL entries are capped by 32. Contributed by Adam Antal.
M	hadoop-assemblies/pom.xml
M	hadoop-build-tools/pom.xml
M	hadoop-client-modules/hadoop-client-api/pom.xml
M	hadoop-client-modules/hadoop-client-check-invariants/pom.xml
M	hadoop-client-modules/hadoop-client-check-test-invariants/pom.xml
M	hadoop-client-modules/hadoop-client-integration-tests/pom.xml
M	hadoop-client-modules/hadoop-client-minicluster/pom.xml
M	hadoop-client-modules/hadoop-client-runtime/pom.xml
M	hadoop-client-modules/hadoop-client/pom.xml
M	hadoop-client-modules/pom.xml
M	hadoop-cloud-storage-project/hadoop-cloud-storage/pom.xml
M	hadoop-cloud-storage-project/pom.xml
M	hadoop-common-project/hadoop-annotations/pom.xml
M	hadoop-common-project/hadoop-auth-examples/pom.xml
M	hadoop-common-project/hadoop-auth/pom.xml
M	hadoop-common-project/hadoop-common/pom.xml
M	hadoop-common-project/hadoop-kms/pom.xml
M	hadoop-common-project/hadoop-minikdc/pom.xml
M	hadoop-common-project/hadoop-nfs/pom.xml
M	hadoop-common-project/pom.xml
M	hadoop-dist/pom.xml
M	hadoop-hdds/client/pom.xml
M	hadoop-hdds/common/pom.xml
M	hadoop-hdds/container-service/pom.xml
M	hadoop-hdds/framework/pom.xml
M	hadoop-hdds/pom.xml
M	hadoop-hdds/server-scm/pom.xml
M	hadoop-hdds/tools/pom.xml
M	hadoop-hdfs-project/hadoop-hdfs-client/pom.xml
M	hadoop-hdfs-project/hadoop-hdfs-httpfs/pom.xml
M	hadoop-hdfs-project/hadoop-hdfs-native-client/pom.xml
M	hadoop-hdfs-project/hadoop-hdfs-nfs/pom.xml
M	hadoop-hdfs-project/hadoop-hdfs-rbf/pom.xml
M	hadoop-hdfs-project/hadoop-hdfs/pom.xml
M	hadoop-hdfs-project/pom.xml
M	hadoop-mapreduce-project/hadoop-mapreduce-client/hadoop-mapreduce-client-app/pom.xml
M	hadoop-mapreduce-project/hadoop-mapreduce-client/hadoop-mapreduce-client-common/pom.xml
M	hadoop-mapreduce-project/hadoop-mapreduce-client/hadoop-mapreduce-client-core/pom.xml
M	hadoop-mapreduce-project/hadoop-mapreduce-client/hadoop-mapreduce-client-hs-plugins/pom.xml
M	hadoop-mapreduce-project/hadoop-mapreduce-client/hadoop-mapreduce-client-hs/pom.xml
M	hadoop-mapreduce-project/hadoop-mapreduce-client/hadoop-mapreduce-client-jobclient/pom.xml
M	hadoop-mapreduce-project/hadoop-mapreduce-client/hadoop-mapreduce-client-nativetask/pom.xml
M	hadoop-mapreduce-project/hadoop-mapreduce-client/hadoop-mapreduce-client-shuffle/pom.xml
M	hadoop-mapreduce-project/hadoop-mapreduce-client/hadoop-mapreduce-client-uploader/pom.xml
M	hadoop-mapreduce-project/hadoop-mapreduce-client/pom.xml
M	hadoop-mapreduce-project/hadoop-mapreduce-examples/pom.xml
M	hadoop-mapreduce-project/pom.xml
M	hadoop-maven-plugins/pom.xml
M	hadoop-minicluster/pom.xml
M	hadoop-ozone/client/pom.xml
M	hadoop-ozone/common/pom.xml
M	hadoop-ozone/datanode/pom.xml
M	hadoop-ozone/dist/pom.xml
M	hadoop-ozone/docs/pom.xml
M	hadoop-ozone/integration-test/pom.xml
M	hadoop-ozone/objectstore-service/pom.xml
M	hadoop-ozone/ozone-manager/pom.xml
M	hadoop-ozone/ozonefs/pom.xml
M	hadoop-ozone/pom.xml
M	hadoop-ozone/s3gateway/pom.xml
M	hadoop-ozone/tools/pom.xml
M	hadoop-project-dist/pom.xml
M	hadoop-project/pom.xml
M	hadoop-tools/hadoop-aliyun/pom.xml
M	hadoop-tools/hadoop-archive-logs/pom.xml
M	hadoop-tools/hadoop-archives/pom.xml
M	hadoop-tools/hadoop-aws/pom.xml
M	hadoop-tools/hadoop-azure-datalake/pom.xml
M	hadoop-tools/hadoop-azure/pom.xml
M	hadoop-tools/hadoop-datajoin/pom.xml
M	hadoop-tools/hadoop-distcp/pom.xml
M	hadoop-tools/hadoop-extras/pom.xml
M	hadoop-tools/hadoop-fs2img/pom.xml
M	hadoop-tools/hadoop-gridmix/pom.xml
M	hadoop-tools/hadoop-kafka/pom.xml
M	hadoop-tools/hadoop-openstack/pom.xml
M	hadoop-tools/hadoop-pipes/pom.xml
M	hadoop-tools/hadoop-resourceestimator/pom.xml
M	hadoop-tools/hadoop-rumen/pom.xml
M	hadoop-tools/hadoop-sls/pom.xml
M	hadoop-tools/hadoop-streaming/pom.xml
M	hadoop-tools/hadoop-tools-dist/pom.xml
M	hadoop-tools/pom.xml
M	hadoop-yarn-project/hadoop-yarn/hadoop-yarn-api/pom.xml
M	hadoop-yarn-project/hadoop-yarn/hadoop-yarn-applications/hadoop-yarn-applications-distributedshell/pom.xml
M	hadoop-yarn-project/hadoop-yarn/hadoop-yarn-applications/hadoop-yarn-applications-unmanaged-am-launcher/pom.xml
M	hadoop-yarn-project/hadoop-yarn/hadoop-yarn-applications/hadoop-yarn-services/hadoop-yarn-services-api/pom.xml
M	hadoop-yarn-project/hadoop-yarn/hadoop-yarn-applications/hadoop-yarn-services/hadoop-yarn-services-core/pom.xml
M	hadoop-yarn-project/hadoop-yarn/hadoop-yarn-applications/hadoop-yarn-services/pom.xml
M	hadoop-yarn-project/hadoop-yarn/hadoop-yarn-applications/hadoop-yarn-submarine/pom.xml
M	hadoop-yarn-project/hadoop-yarn/hadoop-yarn-applications/pom.xml
M	hadoop-yarn-project/hadoop-yarn/hadoop-yarn-client/pom.xml
M	hadoop-yarn-project/hadoop-yarn/hadoop-yarn-common/pom.xml
M	hadoop-yarn-project/hadoop-yarn/hadoop-yarn-registry/pom.xml
M	hadoop-yarn-project/hadoop-yarn/hadoop-yarn-server/hadoop-yarn-server-applicationhistoryservice/pom.xml
M	hadoop-yarn-project/hadoop-yarn/hadoop-yarn-server/hadoop-yarn-server-common/pom.xml
M	hadoop-yarn-project/hadoop-yarn/hadoop-yarn-server/hadoop-yarn-server-nodemanager/pom.xml
M	hadoop-yarn-project/hadoop-yarn/hadoop-yarn-server/hadoop-yarn-server-resourcemanager/pom.xml
M	hadoop-yarn-project/hadoop-yarn/hadoop-yarn-server/hadoop-yarn-server-router/pom.xml
M	hadoop-yarn-project/hadoop-yarn/hadoop-yarn-server/hadoop-yarn-server-sharedcachemanager/pom.xml
M	hadoop-yarn-project/hadoop-yarn/hadoop-yarn-server/hadoop-yarn-server-tests/pom.xml
M	hadoop-yarn-project/hadoop-yarn/hadoop-yarn-server/hadoop-yarn-server-timeline-pluginstorage/pom.xml
M	hadoop-yarn-project/hadoop-yarn/hadoop-yarn-server/hadoop-yarn-server-timelineservice-hbase-tests/pom.xml
M	hadoop-yarn-project/hadoop-yarn/hadoop-yarn-server/hadoop-yarn-server-timelineservice-hbase/hadoop-yarn-server-timelineservice-hbase-client/pom.xml
M	hadoop-yarn-project/hadoop-yarn/hadoop-yarn-server/hadoop-yarn-server-timelineservice-hbase/hadoop-yarn-server-timelineservice-hbase-common/pom.xml
M	hadoop-yarn-project/hadoop-yarn/hadoop-yarn-server/hadoop-yarn-server-timelineservice-hbase/hadoop-yarn-server-timelineservice-hbase-server/hadoop-yarn-server-timelineservice-hbase-server-1/pom.xml
M	hadoop-yarn-project/hadoop-yarn/hadoop-yarn-server/hadoop-yarn-server-timelineservice-hbase/hadoop-yarn-server-timelineservice-hbase-server/hadoop-yarn-server-timelineservice-hbase-server-2/pom.xml
M	hadoop-yarn-project/hadoop-yarn/hadoop-yarn-server/hadoop-yarn-server-timelineservice-hbase/hadoop-yarn-server-timelineservice-hbase-server/pom.xml
M	hadoop-yarn-project/hadoop-yarn/hadoop-yarn-server/hadoop-yarn-server-timelineservice-hbase/pom.xml
M	hadoop-yarn-project/hadoop-yarn/hadoop-yarn-server/hadoop-yarn-server-timelineservice/pom.xml
M	hadoop-yarn-project/hadoop-yarn/hadoop-yarn-server/hadoop-yarn-server-web-proxy/pom.xml
M	hadoop-yarn-project/hadoop-yarn/hadoop-yarn-server/pom.xml
M	hadoop-yarn-project/hadoop-yarn/hadoop-yarn-site/pom.xml
M	hadoop-yarn-project/hadoop-yarn/hadoop-yarn-ui/pom.xml
M	hadoop-yarn-project/hadoop-yarn/pom.xml
M	hadoop-yarn-project/pom.xml
M	pom.xml
/misc/scratch/xlswtest/projects/hadoop/hadoop-client-modules/hadoop-client
/misc/scratch/xlswtest/projects/hadoop/hadoop-yarn-project/hadoop-yarn/hadoop-yarn-server/hadoop-yarn-server-timelineservice
/misc/scratch/xlswtest/projects/hadoop/hadoop-yarn-project/hadoop-yarn/hadoop-yarn-server/hadoop-yarn-server-web-proxy
/misc/scratch/xlswtest/projects/hadoop/hadoop-tools/hadoop-azure
/misc/scratch/xlswtest/projects/hadoop/hadoop-hdds/framework
/misc/scratch/xlswtest/projects/hadoop/hadoop-project-dist
/misc/scratch/xlswtest/projects/hadoop/hadoop-yarn-project/hadoop-yarn/hadoop-yarn-server/hadoop-yarn-server-applicationhistoryservice
/misc/scratch/xlswtest/projects/hadoop/hadoop-yarn-project/hadoop-yarn/hadoop-yarn-applications/hadoop-yarn-submarine
/misc/scratch/xlswtest/projects/hadoop/hadoop-tools/hadoop-resourceestimator
/misc/scratch/xlswtest/projects/hadoop/hadoop-common-project/hadoop-common
/misc/scratch/xlswtest/projects/hadoop/hadoop-yarn-project/hadoop-yarn/hadoop-yarn-applications/hadoop-yarn-services/hadoop-yarn-services-api
/misc/scratch/xlswtest/projects/hadoop/hadoop-mapreduce-project/hadoop-mapreduce-client/hadoop-mapreduce-client-core
/misc/scratch/xlswtest/projects/hadoop/hadoop-yarn-project/hadoop-yarn/hadoop-yarn-applications/hadoop-yarn-services
/misc/scratch/xlswtest/projects/hadoop/hadoop-yarn-project
/misc/scratch/xlswtest/projects/hadoop/hadoop-ozone/client
/misc/scratch/xlswtest/projects/hadoop/hadoop-tools/hadoop-aliyun
/misc/scratch/xlswtest/projects/hadoop/hadoop-yarn-project/hadoop-yarn/hadoop-yarn-server/hadoop-yarn-server-sharedcachemanager
/misc/scratch/xlswtest/projects/hadoop/hadoop-ozone/common
/misc/scratch/xlswtest/projects/hadoop/hadoop-tools/hadoop-kafka
/misc/scratch/xlswtest/projects/hadoop/hadoop-mapreduce-project/hadoop-mapreduce-client
/misc/scratch/xlswtest/projects/hadoop/hadoop-tools/hadoop-datajoin
/misc/scratch/xlswtest/projects/hadoop/hadoop-ozone/integration-test
/misc/scratch/xlswtest/projects/hadoop/hadoop-cloud-storage-project
/misc/scratch/xlswtest/projects/hadoop/hadoop-common-project/hadoop-nfs
/misc/scratch/xlswtest/projects/hadoop/hadoop-client-modules/hadoop-client-minicluster
/misc/scratch/xlswtest/projects/hadoop/hadoop-hdfs-project/hadoop-hdfs-httpfs
/misc/scratch/xlswtest/projects/hadoop/hadoop-tools/hadoop-distcp
/misc/scratch/xlswtest/projects/hadoop/hadoop-yarn-project/hadoop-yarn/hadoop-yarn-applications/hadoop-yarn-services/hadoop-yarn-services-core
/misc/scratch/xlswtest/projects/hadoop/hadoop-ozone/docs
/misc/scratch/xlswtest/projects/hadoop/hadoop-mapreduce-project/hadoop-mapreduce-client/hadoop-mapreduce-client-common
/misc/scratch/xlswtest/projects/hadoop/hadoop-yarn-project/hadoop-yarn/hadoop-yarn-server/hadoop-yarn-server-common
/misc/scratch/xlswtest/projects/hadoop/hadoop-client-modules/hadoop-client-api
/misc/scratch/xlswtest/projects/hadoop/hadoop-project
/misc/scratch/xlswtest/projects/hadoop/hadoop-hdfs-project/hadoop-hdfs-rbf
/misc/scratch/xlswtest/projects/hadoop/hadoop-client-modules/hadoop-client-check-test-invariants
/misc/scratch/xlswtest/projects/hadoop/hadoop-yarn-project/hadoop-yarn/hadoop-yarn-registry
/misc/scratch/xlswtest/projects/hadoop/hadoop-hdfs-project
/misc/scratch/xlswtest/projects/hadoop/hadoop-mapreduce-project
/misc/scratch/xlswtest/projects/hadoop/hadoop-mapreduce-project/hadoop-mapreduce-client/hadoop-mapreduce-client-app
/misc/scratch/xlswtest/projects/hadoop/hadoop-yarn-project/hadoop-yarn/hadoop-yarn-server
/misc/scratch/xlswtest/projects/hadoop/hadoop-yarn-project/hadoop-yarn
/misc/scratch/xlswtest/projects/hadoop/hadoop-ozone
/misc/scratch/xlswtest/projects/hadoop/hadoop-mapreduce-project/hadoop-mapreduce-client/hadoop-mapreduce-client-shuffle
/misc/scratch/xlswtest/projects/hadoop/hadoop-mapreduce-project/hadoop-mapreduce-client/hadoop-mapreduce-client-uploader
/misc/scratch/xlswtest/projects/hadoop/hadoop-yarn-project/hadoop-yarn/hadoop-yarn-server/hadoop-yarn-server-timelineservice-hbase/hadoop-yarn-server-timelineservice-hbase-client
/misc/scratch/xlswtest/projects/hadoop/hadoop-common-project/hadoop-annotations
/misc/scratch/xlswtest/projects/hadoop/hadoop-tools/hadoop-aws
/misc/scratch/xlswtest/projects/hadoop/hadoop-tools/hadoop-gridmix
/misc/scratch/xlswtest/projects/hadoop/hadoop-hdds/container-service
/misc/scratch/xlswtest/projects/hadoop/hadoop-yarn-project/hadoop-yarn/hadoop-yarn-ui
/misc/scratch/xlswtest/projects/hadoop/hadoop-tools/hadoop-pipes
/misc/scratch/xlswtest/projects/hadoop/hadoop-hdds/common
/misc/scratch/xlswtest/projects/hadoop/hadoop-mapreduce-project/hadoop-mapreduce-client/hadoop-mapreduce-client-hs-plugins
/misc/scratch/xlswtest/projects/hadoop/hadoop-client-modules/hadoop-client-runtime
/misc/scratch/xlswtest/projects/hadoop/hadoop-tools/hadoop-extras
/misc/scratch/xlswtest/projects/hadoop/hadoop-tools/hadoop-tools-dist
/misc/scratch/xlswtest/projects/hadoop/hadoop-hdds
/misc/scratch/xlswtest/projects/hadoop/hadoop-yarn-project/hadoop-yarn/hadoop-yarn-server/hadoop-yarn-server-resourcemanager
/misc/scratch/xlswtest/projects/hadoop/hadoop-common-project
/misc/scratch/xlswtest/projects/hadoop/hadoop-yarn-project/hadoop-yarn/hadoop-yarn-server/hadoop-yarn-server-timeline-pluginstorage
/misc/scratch/xlswtest/projects/hadoop/hadoop-tools/hadoop-fs2img
/misc/scratch/xlswtest/projects/hadoop/hadoop-common-project/hadoop-kms
/misc/scratch/xlswtest/projects/hadoop/hadoop-yarn-project/hadoop-yarn/hadoop-yarn-server/hadoop-yarn-server-router
/misc/scratch/xlswtest/projects/hadoop/hadoop-ozone/datanode
/misc/scratch/xlswtest/projects/hadoop/hadoop-yarn-project/hadoop-yarn/hadoop-yarn-server/hadoop-yarn-server-nodemanager
/misc/scratch/xlswtest/projects/hadoop/hadoop-hdfs-project/hadoop-hdfs-client
/misc/scratch/xlswtest/projects/hadoop/hadoop-assemblies
/misc/scratch/xlswtest/projects/hadoop/hadoop-tools/hadoop-archive-logs
/misc/scratch/xlswtest/projects/hadoop/hadoop-tools/hadoop-sls
/misc/scratch/xlswtest/projects/hadoop/hadoop-minicluster
/misc/scratch/xlswtest/projects/hadoop/hadoop-yarn-project/hadoop-yarn/hadoop-yarn-applications
/misc/scratch/xlswtest/projects/hadoop/hadoop-yarn-project/hadoop-yarn/hadoop-yarn-server/hadoop-yarn-server-tests
/misc/scratch/xlswtest/projects/hadoop/hadoop-ozone/dist
/misc/scratch/xlswtest/projects/hadoop/hadoop-yarn-project/hadoop-yarn/hadoop-yarn-server/hadoop-yarn-server-timelineservice-hbase-tests
/misc/scratch/xlswtest/projects/hadoop/hadoop-yarn-project/hadoop-yarn/hadoop-yarn-api
/misc/scratch/xlswtest/projects/hadoop/hadoop-cloud-storage-project/hadoop-cloud-storage
/misc/scratch/xlswtest/projects/hadoop/hadoop-yarn-project/hadoop-yarn/hadoop-yarn-common
/misc/scratch/xlswtest/projects/hadoop/hadoop-ozone/objectstore-service
/misc/scratch/xlswtest/projects/hadoop/hadoop-mapreduce-project/hadoop-mapreduce-client/hadoop-mapreduce-client-jobclient
/misc/scratch/xlswtest/projects/hadoop/hadoop-yarn-project/hadoop-yarn/hadoop-yarn-server/hadoop-yarn-server-timelineservice-hbase
/misc/scratch/xlswtest/projects/hadoop/hadoop-client-modules/hadoop-client-integration-tests
/misc/scratch/xlswtest/projects/hadoop/hadoop-tools/hadoop-streaming
/misc/scratch/xlswtest/projects/hadoop/hadoop-ozone/s3gateway
/misc/scratch/xlswtest/projects/hadoop/hadoop-ozone/tools
/misc/scratch/xlswtest/projects/hadoop/hadoop-ozone/ozone-manager
/misc/scratch/xlswtest/projects/hadoop/hadoop-hdfs-project/hadoop-hdfs
/misc/scratch/xlswtest/projects/hadoop/hadoop-hdds/server-scm
/misc/scratch/xlswtest/projects/hadoop/hadoop-hdfs-project/hadoop-hdfs-nfs
/misc/scratch/xlswtest/projects/hadoop/hadoop-mapreduce-project/hadoop-mapreduce-client/hadoop-mapreduce-client-hs
/misc/scratch/xlswtest/projects/hadoop/hadoop-tools/hadoop-openstack
/misc/scratch/xlswtest/projects/hadoop/hadoop-mapreduce-project/hadoop-mapreduce-client/hadoop-mapreduce-client-nativetask
/misc/scratch/xlswtest/projects/hadoop/hadoop-common-project/hadoop-minikdc
/misc/scratch/xlswtest/projects/hadoop
/misc/scratch/xlswtest/projects/hadoop/hadoop-hdds/client
/misc/scratch/xlswtest/projects/hadoop/hadoop-tools/hadoop-rumen
/misc/scratch/xlswtest/projects/hadoop/hadoop-common-project/hadoop-auth-examples
/misc/scratch/xlswtest/projects/hadoop/hadoop-client-modules/hadoop-client-check-invariants
/misc/scratch/xlswtest/projects/hadoop/hadoop-hdfs-project/hadoop-hdfs-native-client
/misc/scratch/xlswtest/projects/hadoop/hadoop-tools/hadoop-azure-datalake
/misc/scratch/xlswtest/projects/hadoop/hadoop-tools
/misc/scratch/xlswtest/projects/hadoop/hadoop-yarn-project/hadoop-yarn/hadoop-yarn-site
/misc/scratch/xlswtest/projects/hadoop/hadoop-common-project/hadoop-auth
/misc/scratch/xlswtest/projects/hadoop/hadoop-yarn-project/hadoop-yarn/hadoop-yarn-client
/misc/scratch/xlswtest/projects/hadoop/hadoop-ozone/ozonefs
/misc/scratch/xlswtest/projects/hadoop/hadoop-build-tools
/misc/scratch/xlswtest/projects/hadoop/hadoop-yarn-project/hadoop-yarn/hadoop-yarn-server/hadoop-yarn-server-timelineservice-hbase/hadoop-yarn-server-timelineservice-hbase-common
/misc/scratch/xlswtest/projects/hadoop/hadoop-yarn-project/hadoop-yarn/hadoop-yarn-server/hadoop-yarn-server-timelineservice-hbase/hadoop-yarn-server-timelineservice-hbase-server/hadoop-yarn-server-timelineservice-hbase-server-1
/misc/scratch/xlswtest/projects/hadoop/hadoop-mapreduce-project/hadoop-mapreduce-examples
/misc/scratch/xlswtest/projects/hadoop/hadoop-yarn-project/hadoop-yarn/hadoop-yarn-server/hadoop-yarn-server-timelineservice-hbase/hadoop-yarn-server-timelineservice-hbase-server/hadoop-yarn-server-timelineservice-hbase-server-2
/misc/scratch/xlswtest/projects/hadoop/hadoop-client-modules
/misc/scratch/xlswtest/projects/hadoop/hadoop-yarn-project/hadoop-yarn/hadoop-yarn-server/hadoop-yarn-server-timelineservice-hbase/hadoop-yarn-server-timelineservice-hbase-server
/misc/scratch/xlswtest/projects/hadoop/hadoop-hdds/tools
/misc/scratch/xlswtest/projects/hadoop/hadoop-yarn-project/hadoop-yarn/hadoop-yarn-applications/hadoop-yarn-applications-distributedshell
/misc/scratch/xlswtest/projects/hadoop/hadoop-yarn-project/hadoop-yarn/hadoop-yarn-applications/hadoop-yarn-applications-unmanaged-am-launcher
/misc/scratch/xlswtest/projects/hadoop/hadoop-maven-plugins
/misc/scratch/xlswtest/projects/hadoop/hadoop-dist
/misc/scratch/xlswtest/projects/hadoop/hadoop-tools/hadoop-archives
[INFO] Scanning for projects...
[WARNING] 
[WARNING] Some problems were encountered while building the effective model for org.apache.hadoop:hadoop-project:pom:3.3.0-SNAPSHOT
[WARNING] 'build.plugins.plugin.(groupId:artifactId)' must be unique but found duplicate declaration of plugin edu.illinois.cs:idflakies-maven-plugin @ line 1907, column 17
[WARNING] 'build.plugins.plugin.(groupId:artifactId)' must be unique but found duplicate declaration of plugin edu.illinois.cs:idflakies-maven-plugin @ org.apache.hadoop:hadoop-main:3.3.0-SNAPSHOT, /misc/scratch/xlswtest/projects/hadoop/pom.xml, line 450, column 17
[WARNING] 
[WARNING] Some problems were encountered while building the effective model for org.apache.hadoop:hadoop-project-dist:pom:3.3.0-SNAPSHOT
[WARNING] 'build.plugins.plugin.(groupId:artifactId)' must be unique but found duplicate declaration of plugin edu.illinois.cs:idflakies-maven-plugin @ line 129, column 17
[WARNING] 'build.plugins.plugin.(groupId:artifactId)' must be unique but found duplicate declaration of plugin edu.illinois.cs:idflakies-maven-plugin @ org.apache.hadoop:hadoop-project:3.3.0-SNAPSHOT, /misc/scratch/xlswtest/projects/hadoop/hadoop-project/pom.xml, line 1907, column 17
[WARNING] 
[WARNING] Some problems were encountered while building the effective model for org.apache.hadoop:hadoop-assemblies:jar:3.3.0-SNAPSHOT
[WARNING] 'build.plugins.plugin.(groupId:artifactId)' must be unique but found duplicate declaration of plugin edu.illinois.cs:idflakies-maven-plugin @ line 82, column 17
[WARNING] 
[WARNING] Some problems were encountered while building the effective model for org.apache.hadoop:hadoop-maven-plugins:maven-plugin:3.3.0-SNAPSHOT
[WARNING] 'build.plugins.plugin.(groupId:artifactId)' must be unique but found duplicate declaration of plugin edu.illinois.cs:idflakies-maven-plugin @ org.apache.hadoop:hadoop-maven-plugins:[unknown-version], /misc/scratch/xlswtest/projects/hadoop/hadoop-maven-plugins/pom.xml, line 128, column 17
[WARNING] 
[WARNING] Some problems were encountered while building the effective model for org.apache.hadoop:hadoop-auth:jar:3.3.0-SNAPSHOT
[WARNING] 'build.plugins.plugin.(groupId:artifactId)' must be unique but found duplicate declaration of plugin edu.illinois.cs:idflakies-maven-plugin @ line 237, column 17
[WARNING] 
[WARNING] Some problems were encountered while building the effective model for org.apache.hadoop:hadoop-auth-examples:war:3.3.0-SNAPSHOT
[WARNING] 'build.plugins.plugin.(groupId:artifactId)' must be unique but found duplicate declaration of plugin edu.illinois.cs:idflakies-maven-plugin @ line 92, column 17
[WARNING] 
[WARNING] Some problems were encountered while building the effective model for org.apache.hadoop:hadoop-common:jar:3.3.0-SNAPSHOT
[WARNING] 'build.plugins.plugin.(groupId:artifactId)' must be unique but found duplicate declaration of plugin edu.illinois.cs:idflakies-maven-plugin @ line 595, column 17
[WARNING] 'build.plugins.plugin.(groupId:artifactId)' must be unique but found duplicate declaration of plugin edu.illinois.cs:idflakies-maven-plugin @ org.apache.hadoop:hadoop-project-dist:3.3.0-SNAPSHOT, /misc/scratch/xlswtest/projects/hadoop/hadoop-project-dist/pom.xml, line 129, column 17
[WARNING] 
[WARNING] Some problems were encountered while building the effective model for org.apache.hadoop:hadoop-annotations:jar:3.3.0-SNAPSHOT
[WARNING] 'build.plugins.plugin.(groupId:artifactId)' must be unique but found duplicate declaration of plugin edu.illinois.cs:idflakies-maven-plugin @ line 84, column 17
[WARNING] 
[WARNING] Some problems were encountered while building the effective model for org.apache.hadoop:hadoop-nfs:jar:3.3.0-SNAPSHOT
[WARNING] 'build.plugins.plugin.(groupId:artifactId)' must be unique but found duplicate declaration of plugin edu.illinois.cs:idflakies-maven-plugin @ line 112, column 17
[WARNING] 
[WARNING] Some problems were encountered while building the effective model for org.apache.hadoop:hadoop-minikdc:jar:3.3.0-SNAPSHOT
[WARNING] 'build.plugins.plugin.(groupId:artifactId)' must be unique but found duplicate declaration of plugin edu.illinois.cs:idflakies-maven-plugin @ line 64, column 17
[WARNING] 
[WARNING] Some problems were encountered while building the effective model for org.apache.hadoop:hadoop-kms:jar:3.3.0-SNAPSHOT
[WARNING] 'build.plugins.plugin.(groupId:artifactId)' must be unique but found duplicate declaration of plugin edu.illinois.cs:idflakies-maven-plugin @ line 243, column 17
[WARNING] 
[WARNING] Some problems were encountered while building the effective model for org.apache.hadoop:hadoop-common-project:pom:3.3.0-SNAPSHOT
[WARNING] 'build.plugins.plugin.(groupId:artifactId)' must be unique but found duplicate declaration of plugin edu.illinois.cs:idflakies-maven-plugin @ line 56, column 17
[WARNING] 
[WARNING] Some problems were encountered while building the effective model for org.apache.hadoop:hadoop-hdfs:jar:3.3.0-SNAPSHOT
[WARNING] 'build.plugins.plugin.(groupId:artifactId)' must be unique but found duplicate declaration of plugin edu.illinois.cs:idflakies-maven-plugin @ line 409, column 17
[WARNING] 
[WARNING] Some problems were encountered while building the effective model for org.apache.hadoop:hadoop-hdfs-client:jar:3.3.0-SNAPSHOT
[WARNING] 'build.plugins.plugin.(groupId:artifactId)' must be unique but found duplicate declaration of plugin edu.illinois.cs:idflakies-maven-plugin @ line 175, column 17
[WARNING] 
[WARNING] Some problems were encountered while building the effective model for org.apache.hadoop:hadoop-hdfs-native-client:jar:3.3.0-SNAPSHOT
[WARNING] 'build.plugins.plugin.(groupId:artifactId)' must be unique but found duplicate declaration of plugin edu.illinois.cs:idflakies-maven-plugin @ line 98, column 17
[WARNING] 
[WARNING] Some problems were encountered while building the effective model for org.apache.hadoop:hadoop-hdfs-httpfs:jar:3.3.0-SNAPSHOT
[WARNING] 'build.plugins.plugin.(groupId:artifactId)' must be unique but found duplicate declaration of plugin edu.illinois.cs:idflakies-maven-plugin @ line 352, column 17
[WARNING] 
[WARNING] Some problems were encountered while building the effective model for org.apache.hadoop:hadoop-hdfs-nfs:jar:3.3.0-SNAPSHOT
[WARNING] 'build.plugins.plugin.(groupId:artifactId)' must be unique but found duplicate declaration of plugin edu.illinois.cs:idflakies-maven-plugin @ line 219, column 17
[WARNING] 
[WARNING] Some problems were encountered while building the effective model for org.apache.hadoop:hadoop-hdfs-rbf:jar:3.3.0-SNAPSHOT
[WARNING] 'build.plugins.plugin.(groupId:artifactId)' must be unique but found duplicate declaration of plugin edu.illinois.cs:idflakies-maven-plugin @ line 233, column 17
[WARNING] 
[WARNING] Some problems were encountered while building the effective model for org.apache.hadoop:hadoop-hdfs-project:pom:3.3.0-SNAPSHOT
[WARNING] 'build.plugins.plugin.(groupId:artifactId)' must be unique but found duplicate declaration of plugin edu.illinois.cs:idflakies-maven-plugin @ line 55, column 17
[WARNING] 
[WARNING] Some problems were encountered while building the effective model for org.apache.hadoop:hadoop-yarn-api:jar:3.3.0-SNAPSHOT
[WARNING] 'build.plugins.plugin.(groupId:artifactId)' must be unique but found duplicate declaration of plugin edu.illinois.cs:idflakies-maven-plugin @ line 145, column 17
[WARNING] 'build.plugins.plugin.(groupId:artifactId)' must be unique but found duplicate declaration of plugin edu.illinois.cs:idflakies-maven-plugin @ org.apache.hadoop:hadoop-yarn:3.3.0-SNAPSHOT, /misc/scratch/xlswtest/projects/hadoop/hadoop-yarn-project/hadoop-yarn/pom.xml, line 85, column 17
[WARNING] 
[WARNING] Some problems were encountered while building the effective model for org.apache.hadoop:hadoop-yarn-common:jar:3.3.0-SNAPSHOT
[WARNING] 'build.plugins.plugin.(groupId:artifactId)' must be unique but found duplicate declaration of plugin edu.illinois.cs:idflakies-maven-plugin @ line 358, column 17
[WARNING] 
[WARNING] Some problems were encountered while building the effective model for org.apache.hadoop:hadoop-yarn-server-common:jar:3.3.0-SNAPSHOT
[WARNING] 'build.plugins.plugin.(groupId:artifactId)' must be unique but found duplicate declaration of plugin edu.illinois.cs:idflakies-maven-plugin @ line 233, column 17
[WARNING] 'build.plugins.plugin.(groupId:artifactId)' must be unique but found duplicate declaration of plugin edu.illinois.cs:idflakies-maven-plugin @ org.apache.hadoop:hadoop-yarn-server:3.3.0-SNAPSHOT, /misc/scratch/xlswtest/projects/hadoop/hadoop-yarn-project/hadoop-yarn/hadoop-yarn-server/pom.xml, line 52, column 17
[WARNING] 
[WARNING] Some problems were encountered while building the effective model for org.apache.hadoop:hadoop-yarn-server-nodemanager:jar:3.3.0-SNAPSHOT
[WARNING] 'build.plugins.plugin.(groupId:artifactId)' must be unique but found duplicate declaration of plugin edu.illinois.cs:idflakies-maven-plugin @ line 387, column 17
[WARNING] 
[WARNING] Some problems were encountered while building the effective model for org.apache.hadoop:hadoop-yarn-server-web-proxy:jar:3.3.0-SNAPSHOT
[WARNING] 'build.plugins.plugin.(groupId:artifactId)' must be unique but found duplicate declaration of plugin edu.illinois.cs:idflakies-maven-plugin @ line 136, column 17
[WARNING] 
[WARNING] Some problems were encountered while building the effective model for org.apache.hadoop:hadoop-yarn-server-resourcemanager:jar:3.3.0-SNAPSHOT
[WARNING] 'build.plugins.plugin.(groupId:artifactId)' must be unique but found duplicate declaration of plugin edu.illinois.cs:idflakies-maven-plugin @ line 359, column 17
[WARNING] 
[WARNING] Some problems were encountered while building the effective model for org.apache.hadoop:hadoop-yarn-server-sharedcachemanager:jar:3.3.0-SNAPSHOT
[WARNING] 'build.plugins.plugin.(groupId:artifactId)' must be unique but found duplicate declaration of plugin edu.illinois.cs:idflakies-maven-plugin @ line 94, column 17
[WARNING] 
[WARNING] Some problems were encountered while building the effective model for org.apache.hadoop:hadoop-yarn-server-tests:jar:3.3.0-SNAPSHOT
[WARNING] 'build.plugins.plugin.(groupId:artifactId)' must be unique but found duplicate declaration of plugin edu.illinois.cs:idflakies-maven-plugin @ line 187, column 17
[WARNING] 
[WARNING] Some problems were encountered while building the effective model for org.apache.hadoop:hadoop-yarn-server-applicationhistoryservice:jar:3.3.0-SNAPSHOT
[WARNING] 'build.plugins.plugin.(groupId:artifactId)' must be unique but found duplicate declaration of plugin edu.illinois.cs:idflakies-maven-plugin @ line 242, column 17
[WARNING] 
[WARNING] Some problems were encountered while building the effective model for org.apache.hadoop:hadoop-yarn-server-timeline-pluginstorage:jar:3.3.0-SNAPSHOT
[WARNING] 'build.plugins.plugin.(groupId:artifactId)' must be unique but found duplicate declaration of plugin edu.illinois.cs:idflakies-maven-plugin @ line 146, column 17
[WARNING] 
[WARNING] Some problems were encountered while building the effective model for org.apache.hadoop:hadoop-yarn-server-timelineservice:jar:3.3.0-SNAPSHOT
[WARNING] 'build.plugins.plugin.(groupId:artifactId)' must be unique but found duplicate declaration of plugin edu.illinois.cs:idflakies-maven-plugin @ line 172, column 17
[WARNING] 
[WARNING] Some problems were encountered while building the effective model for org.apache.hadoop:hadoop-yarn-server-timelineservice-hbase-client:jar:3.3.0-SNAPSHOT
[WARNING] 'build.plugins.plugin.(groupId:artifactId)' must be unique but found duplicate declaration of plugin edu.illinois.cs:idflakies-maven-plugin @ org.apache.hadoop:hadoop-yarn-server-timelineservice-hbase-client:[unknown-version], /misc/scratch/xlswtest/projects/hadoop/hadoop-yarn-project/hadoop-yarn/hadoop-yarn-server/hadoop-yarn-server-timelineservice-hbase/hadoop-yarn-server-timelineservice-hbase-client/pom.xml, line 216, column 17
[WARNING] 'build.plugins.plugin.(groupId:artifactId)' must be unique but found duplicate declaration of plugin edu.illinois.cs:idflakies-maven-plugin @ org.apache.hadoop:hadoop-yarn-server-timelineservice-hbase:3.3.0-SNAPSHOT, /misc/scratch/xlswtest/projects/hadoop/hadoop-yarn-project/hadoop-yarn/hadoop-yarn-server/hadoop-yarn-server-timelineservice-hbase/pom.xml, line 43, column 17
[WARNING] 
[WARNING] Some problems were encountered while building the effective model for org.apache.hadoop:hadoop-yarn-server-timelineservice-hbase-common:jar:3.3.0-SNAPSHOT
[WARNING] 'build.plugins.plugin.(groupId:artifactId)' must be unique but found duplicate declaration of plugin edu.illinois.cs:idflakies-maven-plugin @ line 130, column 17
[WARNING] 
[WARNING] Some problems were encountered while building the effective model for org.apache.hadoop:hadoop-yarn-server-timelineservice-hbase-server-1:jar:3.3.0-SNAPSHOT
[WARNING] 'build.plugins.plugin.(groupId:artifactId)' must be unique but found duplicate declaration of plugin edu.illinois.cs:idflakies-maven-plugin @ line 167, column 17
[WARNING] 'build.plugins.plugin.(groupId:artifactId)' must be unique but found duplicate declaration of plugin edu.illinois.cs:idflakies-maven-plugin @ org.apache.hadoop:hadoop-yarn-server-timelineservice-hbase-server:3.3.0-SNAPSHOT, /misc/scratch/xlswtest/projects/hadoop/hadoop-yarn-project/hadoop-yarn/hadoop-yarn-server/hadoop-yarn-server-timelineservice-hbase/hadoop-yarn-server-timelineservice-hbase-server/pom.xml, line 87, column 17
[WARNING] 
[WARNING] Some problems were encountered while building the effective model for org.apache.hadoop:hadoop-yarn-server-timelineservice-hbase-server:pom:3.3.0-SNAPSHOT
[WARNING] 'build.plugins.plugin.(groupId:artifactId)' must be unique but found duplicate declaration of plugin edu.illinois.cs:idflakies-maven-plugin @ line 87, column 17
[WARNING] 
[WARNING] Some problems were encountered while building the effective model for org.apache.hadoop:hadoop-yarn-server-timelineservice-hbase:pom:3.3.0-SNAPSHOT
[WARNING] 'build.plugins.plugin.(groupId:artifactId)' must be unique but found duplicate declaration of plugin edu.illinois.cs:idflakies-maven-plugin @ line 43, column 17
[WARNING] 
[WARNING] Some problems were encountered while building the effective model for org.apache.hadoop:hadoop-yarn-server-timelineservice-hbase-tests:jar:3.3.0-SNAPSHOT
[WARNING] 'build.plugins.plugin.(groupId:artifactId)' must be unique but found duplicate declaration of plugin edu.illinois.cs:idflakies-maven-plugin @ line 421, column 17
[WARNING] 
[WARNING] Some problems were encountered while building the effective model for org.apache.hadoop:hadoop-yarn-server-router:jar:3.3.0-SNAPSHOT
[WARNING] 'build.plugins.plugin.(groupId:artifactId)' must be unique but found duplicate declaration of plugin edu.illinois.cs:idflakies-maven-plugin @ line 113, column 17
[WARNING] 
[WARNING] Some problems were encountered while building the effective model for org.apache.hadoop:hadoop-yarn-server:pom:3.3.0-SNAPSHOT
[WARNING] 'build.plugins.plugin.(groupId:artifactId)' must be unique but found duplicate declaration of plugin edu.illinois.cs:idflakies-maven-plugin @ line 52, column 17
[WARNING] 
[WARNING] Some problems were encountered while building the effective model for org.apache.hadoop:hadoop-yarn-applications-distributedshell:jar:3.3.0-SNAPSHOT
[WARNING] 'build.plugins.plugin.(groupId:artifactId)' must be unique but found duplicate declaration of plugin edu.illinois.cs:idflakies-maven-plugin @ line 194, column 17
[WARNING] 'build.plugins.plugin.(groupId:artifactId)' must be unique but found duplicate declaration of plugin edu.illinois.cs:idflakies-maven-plugin @ org.apache.hadoop:hadoop-yarn-applications:3.3.0-SNAPSHOT, /misc/scratch/xlswtest/projects/hadoop/hadoop-yarn-project/hadoop-yarn/hadoop-yarn-applications/pom.xml, line 62, column 17
[WARNING] 
[WARNING] Some problems were encountered while building the effective model for org.apache.hadoop:hadoop-yarn-applications-unmanaged-am-launcher:jar:3.3.0-SNAPSHOT
[WARNING] 'build.plugins.plugin.(groupId:artifactId)' must be unique but found duplicate declaration of plugin edu.illinois.cs:idflakies-maven-plugin @ line 102, column 17
[WARNING] 
[WARNING] Some problems were encountered while building the effective model for org.apache.hadoop:hadoop-yarn-services-core:jar:3.3.0-SNAPSHOT
[WARNING] 'build.plugins.plugin.(groupId:artifactId)' must be unique but found duplicate declaration of plugin edu.illinois.cs:idflakies-maven-plugin @ org.apache.hadoop:hadoop-yarn-services-core:[unknown-version], /misc/scratch/xlswtest/projects/hadoop/hadoop-yarn-project/hadoop-yarn/hadoop-yarn-applications/hadoop-yarn-services/hadoop-yarn-services-core/pom.xml, line 105, column 17
[WARNING] 'build.plugins.plugin.(groupId:artifactId)' must be unique but found duplicate declaration of plugin edu.illinois.cs:idflakies-maven-plugin @ org.apache.hadoop:hadoop-yarn-services:[unknown-version], /misc/scratch/xlswtest/projects/hadoop/hadoop-yarn-project/hadoop-yarn/hadoop-yarn-applications/hadoop-yarn-services/pom.xml, line 41, column 17
[WARNING] 
[WARNING] Some problems were encountered while building the effective model for org.apache.hadoop:hadoop-yarn-services-api:jar:3.3.0-SNAPSHOT
[WARNING] 'build.plugins.plugin.(groupId:artifactId)' must be unique but found duplicate declaration of plugin edu.illinois.cs:idflakies-maven-plugin @ org.apache.hadoop:hadoop-yarn-services-api:[unknown-version], /misc/scratch/xlswtest/projects/hadoop/hadoop-yarn-project/hadoop-yarn/hadoop-yarn-applications/hadoop-yarn-services/hadoop-yarn-services-api/pom.xml, line 82, column 17
[WARNING] 
[WARNING] Some problems were encountered while building the effective model for org.apache.hadoop:hadoop-yarn-services:pom:3.3.0-SNAPSHOT
[WARNING] 'build.plugins.plugin.(groupId:artifactId)' must be unique but found duplicate declaration of plugin edu.illinois.cs:idflakies-maven-plugin @ org.apache.hadoop:hadoop-yarn-services:[unknown-version], /misc/scratch/xlswtest/projects/hadoop/hadoop-yarn-project/hadoop-yarn/hadoop-yarn-applications/hadoop-yarn-services/pom.xml, line 41, column 17
[WARNING] 
[WARNING] Some problems were encountered while building the effective model for org.apache.hadoop:hadoop-yarn-submarine:jar:3.3.0-SNAPSHOT
[WARNING] 'build.plugins.plugin.(groupId:artifactId)' must be unique but found duplicate declaration of plugin edu.illinois.cs:idflakies-maven-plugin @ line 209, column 17
[WARNING] 
[WARNING] Some problems were encountered while building the effective model for org.apache.hadoop:hadoop-yarn-applications:pom:3.3.0-SNAPSHOT
[WARNING] 'build.plugins.plugin.(groupId:artifactId)' must be unique but found duplicate declaration of plugin edu.illinois.cs:idflakies-maven-plugin @ line 62, column 17
[WARNING] 
[WARNING] Some problems were encountered while building the effective model for org.apache.hadoop:hadoop-yarn-site:pom:3.3.0-SNAPSHOT
[WARNING] 'build.plugins.plugin.(groupId:artifactId)' must be unique but found duplicate declaration of plugin edu.illinois.cs:idflakies-maven-plugin @ line 39, column 17
[WARNING] 
[WARNING] Some problems were encountered while building the effective model for org.apache.hadoop:hadoop-yarn-client:jar:3.3.0-SNAPSHOT
[WARNING] 'build.plugins.plugin.(groupId:artifactId)' must be unique but found duplicate declaration of plugin edu.illinois.cs:idflakies-maven-plugin @ line 177, column 17
[WARNING] 
[WARNING] Some problems were encountered while building the effective model for org.apache.hadoop:hadoop-yarn-registry:jar:3.3.0-SNAPSHOT
[WARNING] 'build.plugins.plugin.(groupId:artifactId)' must be unique but found duplicate declaration of plugin edu.illinois.cs:idflakies-maven-plugin @ line 268, column 17
[WARNING] 
[WARNING] Some problems were encountered while building the effective model for org.apache.hadoop:hadoop-yarn-ui:pom:3.3.0-SNAPSHOT
[WARNING] 'build.plugins.plugin.(groupId:artifactId)' must be unique but found duplicate declaration of plugin edu.illinois.cs:idflakies-maven-plugin @ line 84, column 17
[WARNING] 
[WARNING] Some problems were encountered while building the effective model for org.apache.hadoop:hadoop-yarn:pom:3.3.0-SNAPSHOT
[WARNING] 'build.plugins.plugin.(groupId:artifactId)' must be unique but found duplicate declaration of plugin edu.illinois.cs:idflakies-maven-plugin @ line 85, column 17
[WARNING] 
[WARNING] Some problems were encountered while building the effective model for org.apache.hadoop:hadoop-yarn-project:pom:3.3.0-SNAPSHOT
[WARNING] 'build.plugins.plugin.(groupId:artifactId)' must be unique but found duplicate declaration of plugin edu.illinois.cs:idflakies-maven-plugin @ line 116, column 17
[WARNING] 
[WARNING] Some problems were encountered while building the effective model for org.apache.hadoop:hadoop-mapreduce-client-core:jar:3.3.0-SNAPSHOT
[WARNING] 'build.plugins.plugin.(groupId:artifactId)' must be unique but found duplicate declaration of plugin edu.illinois.cs:idflakies-maven-plugin @ line 155, column 17
[WARNING] 'build.plugins.plugin.(groupId:artifactId)' must be unique but found duplicate declaration of plugin edu.illinois.cs:idflakies-maven-plugin @ org.apache.hadoop:hadoop-mapreduce-client:3.3.0-SNAPSHOT, /misc/scratch/xlswtest/projects/hadoop/hadoop-mapreduce-project/hadoop-mapreduce-client/pom.xml, line 181, column 17
[WARNING] 
[WARNING] Some problems were encountered while building the effective model for org.apache.hadoop:hadoop-mapreduce-client-common:jar:3.3.0-SNAPSHOT
[WARNING] 'build.plugins.plugin.(groupId:artifactId)' must be unique but found duplicate declaration of plugin edu.illinois.cs:idflakies-maven-plugin @ line 83, column 17
[WARNING] 
[WARNING] Some problems were encountered while building the effective model for org.apache.hadoop:hadoop-mapreduce-client-shuffle:jar:3.3.0-SNAPSHOT
[WARNING] 'build.plugins.plugin.(groupId:artifactId)' must be unique but found duplicate declaration of plugin edu.illinois.cs:idflakies-maven-plugin @ line 88, column 17
[WARNING] 
[WARNING] Some problems were encountered while building the effective model for org.apache.hadoop:hadoop-mapreduce-client-app:jar:3.3.0-SNAPSHOT
[WARNING] 'build.plugins.plugin.(groupId:artifactId)' must be unique but found duplicate declaration of plugin edu.illinois.cs:idflakies-maven-plugin @ line 106, column 17
[WARNING] 
[WARNING] Some problems were encountered while building the effective model for org.apache.hadoop:hadoop-mapreduce-client-jobclient:jar:3.3.0-SNAPSHOT
[WARNING] 'build.plugins.plugin.(groupId:artifactId)' must be unique but found duplicate declaration of plugin edu.illinois.cs:idflakies-maven-plugin @ line 179, column 17
[WARNING] 
[WARNING] Some problems were encountered while building the effective model for org.apache.hadoop:hadoop-mapreduce-client-hs:jar:3.3.0-SNAPSHOT
[WARNING] 'build.plugins.plugin.(groupId:artifactId)' must be unique but found duplicate declaration of plugin edu.illinois.cs:idflakies-maven-plugin @ line 87, column 17
[WARNING] 
[WARNING] Some problems were encountered while building the effective model for org.apache.hadoop:hadoop-mapreduce-client-hs-plugins:jar:3.3.0-SNAPSHOT
[WARNING] 'build.plugins.plugin.(groupId:artifactId)' must be unique but found duplicate declaration of plugin edu.illinois.cs:idflakies-maven-plugin @ line 47, column 17
[WARNING] 
[WARNING] Some problems were encountered while building the effective model for org.apache.hadoop:hadoop-mapreduce-client-nativetask:jar:3.3.0-SNAPSHOT
[WARNING] 'build.plugins.plugin.(groupId:artifactId)' must be unique but found duplicate declaration of plugin edu.illinois.cs:idflakies-maven-plugin @ line 98, column 17
[WARNING] 
[WARNING] Some problems were encountered while building the effective model for org.apache.hadoop:hadoop-mapreduce-client-uploader:jar:3.3.0-SNAPSHOT
[WARNING] 'build.plugins.plugin.(groupId:artifactId)' must be unique but found duplicate declaration of plugin edu.illinois.cs:idflakies-maven-plugin @ line 65, column 17
[WARNING] 
[WARNING] Some problems were encountered while building the effective model for org.apache.hadoop:hadoop-mapreduce-client:pom:3.3.0-SNAPSHOT
[WARNING] 'build.plugins.plugin.(groupId:artifactId)' must be unique but found duplicate declaration of plugin edu.illinois.cs:idflakies-maven-plugin @ line 181, column 17
[WARNING] 
[WARNING] Some problems were encountered while building the effective model for org.apache.hadoop:hadoop-mapreduce-examples:jar:3.3.0-SNAPSHOT
[WARNING] 'build.plugins.plugin.(groupId:artifactId)' must be unique but found duplicate declaration of plugin edu.illinois.cs:idflakies-maven-plugin @ line 154, column 17
[WARNING] 
[WARNING] Some problems were encountered while building the effective model for org.apache.hadoop:hadoop-mapreduce:pom:3.3.0-SNAPSHOT
[WARNING] 'build.plugins.plugin.(groupId:artifactId)' must be unique but found duplicate declaration of plugin edu.illinois.cs:idflakies-maven-plugin @ line 215, column 17
[WARNING] 
[WARNING] Some problems were encountered while building the effective model for org.apache.hadoop:hadoop-streaming:jar:3.3.0-SNAPSHOT
[WARNING] 'build.plugins.plugin.(groupId:artifactId)' must be unique but found duplicate declaration of plugin edu.illinois.cs:idflakies-maven-plugin @ line 193, column 17
[WARNING] 
[WARNING] Some problems were encountered while building the effective model for org.apache.hadoop:hadoop-distcp:jar:3.3.0-SNAPSHOT
[WARNING] 'build.plugins.plugin.(groupId:artifactId)' must be unique but found duplicate declaration of plugin edu.illinois.cs:idflakies-maven-plugin @ line 219, column 17
[WARNING] 
[WARNING] Some problems were encountered while building the effective model for org.apache.hadoop:hadoop-archives:jar:3.3.0-SNAPSHOT
[WARNING] 'build.plugins.plugin.(groupId:artifactId)' must be unique but found duplicate declaration of plugin edu.illinois.cs:idflakies-maven-plugin @ line 147, column 17
[WARNING] 
[WARNING] Some problems were encountered while building the effective model for org.apache.hadoop:hadoop-archive-logs:jar:3.3.0-SNAPSHOT
[WARNING] 'build.plugins.plugin.(groupId:artifactId)' must be unique but found duplicate declaration of plugin edu.illinois.cs:idflakies-maven-plugin @ line 208, column 17
[WARNING] 
[WARNING] Some problems were encountered while building the effective model for org.apache.hadoop:hadoop-rumen:jar:3.3.0-SNAPSHOT
[WARNING] 'build.plugins.plugin.(groupId:artifactId)' must be unique but found duplicate declaration of plugin edu.illinois.cs:idflakies-maven-plugin @ line 155, column 17
[WARNING] 
[WARNING] Some problems were encountered while building the effective model for org.apache.hadoop:hadoop-gridmix:jar:3.3.0-SNAPSHOT
[WARNING] 'build.plugins.plugin.(groupId:artifactId)' must be unique but found duplicate declaration of plugin edu.illinois.cs:idflakies-maven-plugin @ line 182, column 17
[WARNING] 
[WARNING] Some problems were encountered while building the effective model for org.apache.hadoop:hadoop-datajoin:jar:3.3.0-SNAPSHOT
[WARNING] 'build.plugins.plugin.(groupId:artifactId)' must be unique but found duplicate declaration of plugin edu.illinois.cs:idflakies-maven-plugin @ line 161, column 17
[WARNING] 
[WARNING] Some problems were encountered while building the effective model for org.apache.hadoop:hadoop-tools-dist:jar:3.3.0-SNAPSHOT
[WARNING] 'build.plugins.plugin.(groupId:artifactId)' must be unique but found duplicate declaration of plugin edu.illinois.cs:idflakies-maven-plugin @ line 153, column 17
[WARNING] 
[WARNING] Some problems were encountered while building the effective model for org.apache.hadoop:hadoop-extras:jar:3.3.0-SNAPSHOT
[WARNING] 'build.plugins.plugin.(groupId:artifactId)' must be unique but found duplicate declaration of plugin edu.illinois.cs:idflakies-maven-plugin @ line 156, column 17
[WARNING] 
[WARNING] Some problems were encountered while building the effective model for org.apache.hadoop:hadoop-pipes:pom:3.3.0-SNAPSHOT
[WARNING] 'build.plugins.plugin.(groupId:artifactId)' must be unique but found duplicate declaration of plugin edu.illinois.cs:idflakies-maven-plugin @ line 73, column 17
[WARNING] 
[WARNING] Some problems were encountered while building the effective model for org.apache.hadoop:hadoop-openstack:jar:3.3.0-SNAPSHOT
[WARNING] 'build.plugins.plugin.(groupId:artifactId)' must be unique but found duplicate declaration of plugin edu.illinois.cs:idflakies-maven-plugin @ line 97, column 17
[WARNING] 
[WARNING] Some problems were encountered while building the effective model for org.apache.hadoop:hadoop-sls:jar:3.3.0-SNAPSHOT
[WARNING] 'build.plugins.plugin.(groupId:artifactId)' must be unique but found duplicate declaration of plugin edu.illinois.cs:idflakies-maven-plugin @ line 147, column 17
[WARNING] 
[WARNING] Some problems were encountered while building the effective model for org.apache.hadoop:hadoop-resourceestimator:jar:3.3.0-SNAPSHOT
[WARNING] 'build.plugins.plugin.(groupId:artifactId)' must be unique but found duplicate declaration of plugin edu.illinois.cs:idflakies-maven-plugin @ org.apache.hadoop:hadoop-resourceestimator:[unknown-version], /misc/scratch/xlswtest/projects/hadoop/hadoop-tools/hadoop-resourceestimator/pom.xml, line 111, column 17
[WARNING] 
[WARNING] Some problems were encountered while building the effective model for org.apache.hadoop:hadoop-azure:jar:3.3.0-SNAPSHOT
[WARNING] 'build.plugins.plugin.(groupId:artifactId)' must be unique but found duplicate declaration of plugin edu.illinois.cs:idflakies-maven-plugin @ org.apache.hadoop:hadoop-azure:[unknown-version], /misc/scratch/xlswtest/projects/hadoop/hadoop-tools/hadoop-azure/pom.xml, line 106, column 17
[WARNING] 
[WARNING] Some problems were encountered while building the effective model for org.apache.hadoop:hadoop-aws:jar:3.3.0-SNAPSHOT
[WARNING] 'build.plugins.plugin.(groupId:artifactId)' must be unique but found duplicate declaration of plugin edu.illinois.cs:idflakies-maven-plugin @ line 397, column 17
[WARNING] 
[WARNING] Some problems were encountered while building the effective model for org.apache.hadoop:hadoop-kafka:jar:3.3.0-SNAPSHOT
[WARNING] 'build.plugins.plugin.(groupId:artifactId)' must be unique but found duplicate declaration of plugin edu.illinois.cs:idflakies-maven-plugin @ line 75, column 17
[WARNING] 
[WARNING] Some problems were encountered while building the effective model for org.apache.hadoop:hadoop-azure-datalake:jar:3.3.0-SNAPSHOT
[WARNING] 'build.plugins.plugin.(groupId:artifactId)' must be unique but found duplicate declaration of plugin edu.illinois.cs:idflakies-maven-plugin @ org.apache.hadoop:hadoop-azure-datalake:[unknown-version], /misc/scratch/xlswtest/projects/hadoop/hadoop-tools/hadoop-azure-datalake/pom.xml, line 69, column 17
[WARNING] 
[WARNING] Some problems were encountered while building the effective model for org.apache.hadoop:hadoop-aliyun:jar:3.3.0-SNAPSHOT
[WARNING] 'build.plugins.plugin.(groupId:artifactId)' must be unique but found duplicate declaration of plugin edu.illinois.cs:idflakies-maven-plugin @ org.apache.hadoop:hadoop-aliyun:[unknown-version], /misc/scratch/xlswtest/projects/hadoop/hadoop-tools/hadoop-aliyun/pom.xml, line 97, column 17
[WARNING] 
[WARNING] Some problems were encountered while building the effective model for org.apache.hadoop:hadoop-fs2img:jar:3.3.0-SNAPSHOT
[WARNING] 'build.plugins.plugin.(groupId:artifactId)' must be unique but found duplicate declaration of plugin edu.illinois.cs:idflakies-maven-plugin @ line 103, column 17
[WARNING] 
[WARNING] Some problems were encountered while building the effective model for org.apache.hadoop:hadoop-tools:pom:3.3.0-SNAPSHOT
[WARNING] 'build.plugins.plugin.(groupId:artifactId)' must be unique but found duplicate declaration of plugin edu.illinois.cs:idflakies-maven-plugin @ line 68, column 17
[WARNING] 
[WARNING] Some problems were encountered while building the effective model for org.apache.hadoop:hadoop-dist:jar:3.3.0-SNAPSHOT
[WARNING] 'build.plugins.plugin.(groupId:artifactId)' must be unique but found duplicate declaration of plugin edu.illinois.cs:idflakies-maven-plugin @ line 144, column 17
[WARNING] 
[WARNING] Some problems were encountered while building the effective model for org.apache.hadoop:hadoop-minicluster:jar:3.3.0-SNAPSHOT
[WARNING] 'build.plugins.plugin.(groupId:artifactId)' must be unique but found duplicate declaration of plugin edu.illinois.cs:idflakies-maven-plugin @ line 113, column 17
[WARNING] 
[WARNING] Some problems were encountered while building the effective model for org.apache.hadoop:hadoop-client:jar:3.3.0-SNAPSHOT
[WARNING] 'build.plugins.plugin.(groupId:artifactId)' must be unique but found duplicate declaration of plugin edu.illinois.cs:idflakies-maven-plugin @ line 343, column 17
[WARNING] 
[WARNING] Some problems were encountered while building the effective model for org.apache.hadoop:hadoop-client-api:jar:3.3.0-SNAPSHOT
[WARNING] 'build.plugins.plugin.(groupId:artifactId)' must be unique but found duplicate declaration of plugin edu.illinois.cs:idflakies-maven-plugin @ line 288, column 17
[WARNING] 
[WARNING] Some problems were encountered while building the effective model for org.apache.hadoop:hadoop-client-runtime:jar:3.3.0-SNAPSHOT
[WARNING] 'build.plugins.plugin.(groupId:artifactId)' must be unique but found duplicate declaration of plugin edu.illinois.cs:idflakies-maven-plugin @ line 420, column 17
[WARNING] 
[WARNING] Some problems were encountered while building the effective model for org.apache.hadoop:hadoop-client-minicluster:jar:3.3.0-SNAPSHOT
[WARNING] 'build.plugins.plugin.(groupId:artifactId)' must be unique but found duplicate declaration of plugin edu.illinois.cs:idflakies-maven-plugin @ line 1000, column 17
[WARNING] 
[WARNING] Some problems were encountered while building the effective model for org.apache.hadoop:hadoop-client-check-invariants:pom:3.3.0-SNAPSHOT
[WARNING] 'build.plugins.plugin.(groupId:artifactId)' must be unique but found duplicate declaration of plugin edu.illinois.cs:idflakies-maven-plugin @ line 191, column 17
[WARNING] 
[WARNING] Some problems were encountered while building the effective model for org.apache.hadoop:hadoop-client-check-test-invariants:pom:3.3.0-SNAPSHOT
[WARNING] 'build.plugins.plugin.(groupId:artifactId)' must be unique but found duplicate declaration of plugin edu.illinois.cs:idflakies-maven-plugin @ line 201, column 17
[WARNING] 
[WARNING] Some problems were encountered while building the effective model for org.apache.hadoop:hadoop-client-integration-tests:jar:3.3.0-SNAPSHOT
[WARNING] 'build.plugins.plugin.(groupId:artifactId)' must be unique but found duplicate declaration of plugin edu.illinois.cs:idflakies-maven-plugin @ line 174, column 17
[WARNING] 
[WARNING] Some problems were encountered while building the effective model for org.apache.hadoop:hadoop-client-modules:pom:3.3.0-SNAPSHOT
[WARNING] 'build.plugins.plugin.(groupId:artifactId)' must be unique but found duplicate declaration of plugin edu.illinois.cs:idflakies-maven-plugin @ org.apache.hadoop:hadoop-client-modules:[unknown-version], /misc/scratch/xlswtest/projects/hadoop/hadoop-client-modules/pom.xml, line 49, column 17
[WARNING] 
[WARNING] Some problems were encountered while building the effective model for org.apache.hadoop:hadoop-build-tools:jar:3.3.0-SNAPSHOT
[WARNING] 'build.plugins.plugin.(groupId:artifactId)' must be unique but found duplicate declaration of plugin edu.illinois.cs:idflakies-maven-plugin @ org.apache.hadoop:hadoop-build-tools:[unknown-version], /misc/scratch/xlswtest/projects/hadoop/hadoop-build-tools/pom.xml, line 125, column 17
[WARNING] 
[WARNING] Some problems were encountered while building the effective model for org.apache.hadoop:hadoop-cloud-storage:jar:3.3.0-SNAPSHOT
[WARNING] 'build.plugins.plugin.(groupId:artifactId)' must be unique but found duplicate declaration of plugin edu.illinois.cs:idflakies-maven-plugin @ line 136, column 17
[WARNING] 
[WARNING] Some problems were encountered while building the effective model for org.apache.hadoop:hadoop-cloud-storage-project:pom:3.3.0-SNAPSHOT
[WARNING] 'build.plugins.plugin.(groupId:artifactId)' must be unique but found duplicate declaration of plugin edu.illinois.cs:idflakies-maven-plugin @ line 50, column 17
[WARNING] 
[WARNING] Some problems were encountered while building the effective model for org.apache.hadoop:hadoop-main:pom:3.3.0-SNAPSHOT
[WARNING] 'build.plugins.plugin.(groupId:artifactId)' must be unique but found duplicate declaration of plugin edu.illinois.cs:idflakies-maven-plugin @ line 450, column 17
[WARNING] 
[WARNING] It is highly recommended to fix these problems because they threaten the stability of your build.
[WARNING] 
[WARNING] For this reason, future Maven versions might no longer support building such malformed projects.
[WARNING] 
[INFO] ------------------------------------------------------------------------
[INFO] Reactor Build Order:
[INFO] 
[INFO] Apache Hadoop Main
[INFO] Apache Hadoop Build Tools
[INFO] Apache Hadoop Project POM
[INFO] Apache Hadoop Annotations
[INFO] Apache Hadoop Project Dist POM
[INFO] Apache Hadoop Assemblies
[INFO] Apache Hadoop Maven Plugins
[INFO] Apache Hadoop MiniKDC
[INFO] Apache Hadoop Auth
[INFO] Apache Hadoop Auth Examples
[INFO] Apache Hadoop Common
[INFO] Apache Hadoop NFS
[INFO] Apache Hadoop KMS
[INFO] Apache Hadoop Common Project
[INFO] Apache Hadoop HDFS Client
[INFO] Apache Hadoop HDFS
[INFO] Apache Hadoop HDFS Native Client
[INFO] Apache Hadoop HttpFS
[INFO] Apache Hadoop HDFS-NFS
[INFO] Apache Hadoop HDFS-RBF
[INFO] Apache Hadoop HDFS Project
[INFO] Apache Hadoop YARN
[INFO] Apache Hadoop YARN API
[INFO] Apache Hadoop YARN Common
[INFO] Apache Hadoop YARN Registry
[INFO] Apache Hadoop YARN Server
[INFO] Apache Hadoop YARN Server Common
[INFO] Apache Hadoop YARN NodeManager
[INFO] Apache Hadoop YARN Web Proxy
[INFO] Apache Hadoop YARN ApplicationHistoryService
[INFO] Apache Hadoop YARN Timeline Service
[INFO] Apache Hadoop YARN ResourceManager
[INFO] Apache Hadoop YARN Server Tests
[INFO] Apache Hadoop YARN Client
[INFO] Apache Hadoop YARN SharedCacheManager
[INFO] Apache Hadoop YARN Timeline Plugin Storage
[INFO] Apache Hadoop YARN TimelineService HBase Backend
[INFO] Apache Hadoop YARN TimelineService HBase Common
[INFO] Apache Hadoop YARN TimelineService HBase Client
[INFO] Apache Hadoop YARN TimelineService HBase Servers
[INFO] Apache Hadoop YARN TimelineService HBase Server 1.2
[INFO] Apache Hadoop YARN TimelineService HBase tests
[INFO] Apache Hadoop YARN Router
[INFO] Apache Hadoop YARN Applications
[INFO] Apache Hadoop YARN DistributedShell
[INFO] Apache Hadoop YARN Unmanaged Am Launcher
[INFO] Apache Hadoop MapReduce Client
[INFO] Apache Hadoop MapReduce Core
[INFO] Apache Hadoop MapReduce Common
[INFO] Apache Hadoop MapReduce Shuffle
[INFO] Apache Hadoop MapReduce App
[INFO] Apache Hadoop MapReduce HistoryServer
[INFO] Apache Hadoop MapReduce JobClient
[INFO] Apache Hadoop Mini-Cluster
[INFO] Apache Hadoop YARN Services
[INFO] Apache Hadoop YARN Services Core
[INFO] Apache Hadoop YARN Services API
[INFO] Apache Hadoop Image Generation Tool
[INFO] Yet Another Learning Platform
[INFO] Apache Hadoop YARN Site
[INFO] Apache Hadoop YARN UI
[INFO] Apache Hadoop YARN Project
[INFO] Apache Hadoop MapReduce HistoryServer Plugins
[INFO] Apache Hadoop MapReduce NativeTask
[INFO] Apache Hadoop MapReduce Uploader
[INFO] Apache Hadoop MapReduce Examples
[INFO] Apache Hadoop MapReduce
[INFO] Apache Hadoop MapReduce Streaming
[INFO] Apache Hadoop Distributed Copy
[INFO] Apache Hadoop Archives
[INFO] Apache Hadoop Archive Logs
[INFO] Apache Hadoop Rumen
[INFO] Apache Hadoop Gridmix
[INFO] Apache Hadoop Data Join
[INFO] Apache Hadoop Extras
[INFO] Apache Hadoop Pipes
[INFO] Apache Hadoop OpenStack support
[INFO] Apache Hadoop Amazon Web Services support
[INFO] Apache Hadoop Kafka Library support
[INFO] Apache Hadoop Azure support
[INFO] Apache Hadoop Aliyun OSS support
[INFO] Apache Hadoop Client Aggregator
[INFO] Apache Hadoop Scheduler Load Simulator
[INFO] Apache Hadoop Resource Estimator Service
[INFO] Apache Hadoop Azure Data Lake support
[INFO] Apache Hadoop Tools Dist
[INFO] Apache Hadoop Tools
[INFO] Apache Hadoop Client API
[INFO] Apache Hadoop Client Runtime
[INFO] Apache Hadoop Client Packaging Invariants
[INFO] Apache Hadoop Client Test Minicluster
[INFO] Apache Hadoop Client Packaging Invariants for Test
[INFO] Apache Hadoop Client Packaging Integration Tests
[INFO] Apache Hadoop Distribution
[INFO] Apache Hadoop Client Modules
[INFO] Apache Hadoop Cloud Storage
[INFO] Apache Hadoop Cloud Storage Project
[INFO] 
[INFO] ------------------------------------------------------------------------
[INFO] Building Apache Hadoop Main 3.3.0-SNAPSHOT
[INFO] ------------------------------------------------------------------------
[INFO] 
[INFO] --- maven-enforcer-plugin:3.0.0-M1:enforce (default) @ hadoop-main ---
[INFO] 
[INFO] --- maven-enforcer-plugin:3.0.0-M1:enforce (enforce-property) @ hadoop-main ---
[INFO] 
[INFO] --- maven-site-plugin:3.6:attach-descriptor (attach-descriptor) @ hadoop-main ---
[INFO] No site descriptor found: nothing to attach.
[INFO] 
[INFO] --- maven-install-plugin:2.4:install (default-install) @ hadoop-main ---
[INFO] Installing /misc/scratch/xlswtest/projects/hadoop/pom.xml to /home/ecelrc/guest/xliu5/.m2/repository/org/apache/hadoop/hadoop-main/3.3.0-SNAPSHOT/hadoop-main-3.3.0-SNAPSHOT.pom
[INFO] 
[INFO] ------------------------------------------------------------------------
[INFO] Building Apache Hadoop Build Tools 3.3.0-SNAPSHOT
[INFO] ------------------------------------------------------------------------
[INFO] 
[INFO] --- maven-resources-plugin:3.0.1:copy-resources (copy-resources) @ hadoop-build-tools ---
[INFO] Using 'UTF-8' encoding to copy filtered resources.
[INFO] Copying 2 resources
[INFO] 
[INFO] --- maven-antrun-plugin:1.7:run (dummy) @ hadoop-build-tools ---
[INFO] No ant target defined - SKIPPED
[INFO] 
[INFO] --- maven-resources-plugin:3.0.1:resources (default-resources) @ hadoop-build-tools ---
[INFO] Using 'UTF-8' encoding to copy filtered resources.
[INFO] Copying 2 resources to META-INF
[INFO] Copying 3 resources
[INFO] 
[INFO] --- maven-remote-resources-plugin:1.5:bundle (default) @ hadoop-build-tools ---
[INFO] 
[INFO] --- maven-compiler-plugin:3.1:compile (default-compile) @ hadoop-build-tools ---
[INFO] No sources to compile
[INFO] 
[INFO] --- maven-resources-plugin:3.0.1:testResources (default-testResources) @ hadoop-build-tools ---
[INFO] Not copying test resources
[INFO] 
[INFO] --- maven-compiler-plugin:3.1:testCompile (default-testCompile) @ hadoop-build-tools ---
[INFO] Not compiling test sources
[INFO] 
[INFO] --- maven-surefire-plugin:2.12.4:test (default-test) @ hadoop-build-tools ---
[INFO] Tests are skipped.
[INFO] 
[INFO] --- maven-jar-plugin:2.4:jar (default-jar) @ hadoop-build-tools ---
[INFO] Building jar: /misc/scratch/xlswtest/projects/hadoop/hadoop-build-tools/target/hadoop-build-tools-3.3.0-SNAPSHOT.jar
[INFO] 
[INFO] --- maven-site-plugin:3.6:attach-descriptor (attach-descriptor) @ hadoop-build-tools ---
[INFO] Skipping because packaging 'jar' is not pom.
[INFO] 
[INFO] --- maven-install-plugin:2.4:install (default-install) @ hadoop-build-tools ---
[INFO] Installing /misc/scratch/xlswtest/projects/hadoop/hadoop-build-tools/target/hadoop-build-tools-3.3.0-SNAPSHOT.jar to /home/ecelrc/guest/xliu5/.m2/repository/org/apache/hadoop/hadoop-build-tools/3.3.0-SNAPSHOT/hadoop-build-tools-3.3.0-SNAPSHOT.jar
[INFO] Installing /misc/scratch/xlswtest/projects/hadoop/hadoop-build-tools/pom.xml to /home/ecelrc/guest/xliu5/.m2/repository/org/apache/hadoop/hadoop-build-tools/3.3.0-SNAPSHOT/hadoop-build-tools-3.3.0-SNAPSHOT.pom
[INFO] 
[INFO] ------------------------------------------------------------------------
[INFO] Building Apache Hadoop Project POM 3.3.0-SNAPSHOT
[INFO] ------------------------------------------------------------------------
[INFO] 
[INFO] --- maven-antrun-plugin:1.7:run (create-testdirs) @ hadoop-project ---
[INFO] Executing tasks

main:
[INFO] Executed tasks
[INFO] 
[INFO] --- maven-remote-resources-plugin:1.5:process (default) @ hadoop-project ---
[INFO] 
[INFO] --- maven-site-plugin:3.6:attach-descriptor (attach-descriptor) @ hadoop-project ---
[INFO] Attaching 'src/site/site.xml' site descriptor with classifier 'site'.
[INFO] 
[INFO] --- animal-sniffer-maven-plugin:1.16:check (signature-check) @ hadoop-project ---
[INFO] Checking unresolved references to org.codehaus.mojo.signature:java18:1.0
[INFO] 
[INFO] --- maven-enforcer-plugin:3.0.0-M1:enforce (depcheck) @ hadoop-project ---
[INFO] 
[INFO] --- maven-install-plugin:2.5.1:install (default-install) @ hadoop-project ---
[INFO] Installing /misc/scratch/xlswtest/projects/hadoop/hadoop-project/pom.xml to /home/ecelrc/guest/xliu5/.m2/repository/org/apache/hadoop/hadoop-project/3.3.0-SNAPSHOT/hadoop-project-3.3.0-SNAPSHOT.pom
[INFO] Installing /misc/scratch/xlswtest/projects/hadoop/hadoop-project/target/hadoop-project-3.3.0-SNAPSHOT-site.xml to /home/ecelrc/guest/xliu5/.m2/repository/org/apache/hadoop/hadoop-project/3.3.0-SNAPSHOT/hadoop-project-3.3.0-SNAPSHOT-site.xml
[INFO] 
[INFO] ------------------------------------------------------------------------
[INFO] Building Apache Hadoop Annotations 3.3.0-SNAPSHOT
[INFO] ------------------------------------------------------------------------
[INFO] 
[INFO] --- maven-antrun-plugin:1.7:run (create-testdirs) @ hadoop-annotations ---
[INFO] Executing tasks

main:
[INFO] Executed tasks
[INFO] 
[INFO] --- maven-remote-resources-plugin:1.5:process (default) @ hadoop-annotations ---
[INFO] 
[INFO] --- maven-resources-plugin:2.6:resources (default-resources) @ hadoop-annotations ---
[INFO] Using 'UTF-8' encoding to copy filtered resources.
[INFO] skip non existing resourceDirectory /misc/scratch/xlswtest/projects/hadoop/hadoop-common-project/hadoop-annotations/src/main/resources
[INFO] Copying 2 resources
[INFO] 
[INFO] --- maven-compiler-plugin:3.1:compile (default-compile) @ hadoop-annotations ---
[INFO] Nothing to compile - all classes are up to date
[INFO] 
[INFO] --- maven-resources-plugin:2.6:testResources (default-testResources) @ hadoop-annotations ---
[INFO] Not copying test resources
[INFO] 
[INFO] --- maven-compiler-plugin:3.1:testCompile (default-testCompile) @ hadoop-annotations ---
[INFO] Not compiling test sources
[INFO] 
[INFO] --- maven-surefire-plugin:2.21.0:test (default-test) @ hadoop-annotations ---
[INFO] Tests are skipped.
[INFO] 
[INFO] --- maven-jar-plugin:2.5:jar (default-jar) @ hadoop-annotations ---
[INFO] Building jar: /misc/scratch/xlswtest/projects/hadoop/hadoop-common-project/hadoop-annotations/target/hadoop-annotations-3.3.0-SNAPSHOT.jar
[INFO] 
[INFO] --- maven-site-plugin:3.6:attach-descriptor (attach-descriptor) @ hadoop-annotations ---
[INFO] Skipping because packaging 'jar' is not pom.
[INFO] 
[INFO] --- animal-sniffer-maven-plugin:1.16:check (signature-check) @ hadoop-annotations ---
[INFO] Checking unresolved references to org.codehaus.mojo.signature:java18:1.0
[INFO] 
[INFO] --- maven-enforcer-plugin:3.0.0-M1:enforce (depcheck) @ hadoop-annotations ---
[INFO] 
[INFO] --- maven-install-plugin:2.5.1:install (default-install) @ hadoop-annotations ---
[INFO] Installing /misc/scratch/xlswtest/projects/hadoop/hadoop-common-project/hadoop-annotations/target/hadoop-annotations-3.3.0-SNAPSHOT.jar to /home/ecelrc/guest/xliu5/.m2/repository/org/apache/hadoop/hadoop-annotations/3.3.0-SNAPSHOT/hadoop-annotations-3.3.0-SNAPSHOT.jar
[INFO] Installing /misc/scratch/xlswtest/projects/hadoop/hadoop-common-project/hadoop-annotations/pom.xml to /home/ecelrc/guest/xliu5/.m2/repository/org/apache/hadoop/hadoop-annotations/3.3.0-SNAPSHOT/hadoop-annotations-3.3.0-SNAPSHOT.pom
[INFO] 
[INFO] ------------------------------------------------------------------------
[INFO] Building Apache Hadoop Project Dist POM 3.3.0-SNAPSHOT
[INFO] ------------------------------------------------------------------------
[INFO] 
[INFO] --- maven-antrun-plugin:1.7:run (create-testdirs) @ hadoop-project-dist ---
[INFO] Executing tasks

main:
[INFO] Executed tasks
[INFO] 
[INFO] --- maven-remote-resources-plugin:1.5:process (default) @ hadoop-project-dist ---
[INFO] 
[INFO] --- maven-jar-plugin:2.5:jar (prepare-jar) @ hadoop-project-dist ---
[WARNING] JAR will be empty - no content was marked for inclusion!
[INFO] Building jar: /misc/scratch/xlswtest/projects/hadoop/hadoop-project-dist/target/hadoop-project-dist-3.3.0-SNAPSHOT.jar
[INFO] 
[INFO] --- maven-jar-plugin:2.5:test-jar (prepare-test-jar) @ hadoop-project-dist ---
[INFO] Skipping packaging of the test-jar
[INFO] 
[INFO] --- maven-site-plugin:3.6:attach-descriptor (attach-descriptor) @ hadoop-project-dist ---
[INFO] No site descriptor found: nothing to attach.
[INFO] 
[INFO] --- animal-sniffer-maven-plugin:1.16:check (signature-check) @ hadoop-project-dist ---
[INFO] Checking unresolved references to org.codehaus.mojo.signature:java18:1.0
[INFO] 
[INFO] --- maven-enforcer-plugin:3.0.0-M1:enforce (depcheck) @ hadoop-project-dist ---
[INFO] 
[INFO] --- maven-install-plugin:2.5.1:install (default-install) @ hadoop-project-dist ---
[INFO] Installing /misc/scratch/xlswtest/projects/hadoop/hadoop-project-dist/pom.xml to /home/ecelrc/guest/xliu5/.m2/repository/org/apache/hadoop/hadoop-project-dist/3.3.0-SNAPSHOT/hadoop-project-dist-3.3.0-SNAPSHOT.pom
[INFO] 
[INFO] ------------------------------------------------------------------------
[INFO] Building Apache Hadoop Assemblies 3.3.0-SNAPSHOT
[INFO] ------------------------------------------------------------------------
[INFO] 
[INFO] --- maven-antrun-plugin:1.7:run (create-testdirs) @ hadoop-assemblies ---
[INFO] Executing tasks

main:
[INFO] Executed tasks
[INFO] 
[INFO] --- maven-enforcer-plugin:3.0.0-M1:enforce (default) @ hadoop-assemblies ---
[INFO] 
[INFO] --- maven-remote-resources-plugin:1.5:process (default) @ hadoop-assemblies ---
[INFO] 
[INFO] --- maven-resources-plugin:2.6:resources (default-resources) @ hadoop-assemblies ---
[INFO] Using 'UTF-8' encoding to copy filtered resources.
[INFO] Copying 12 resources
[INFO] Copying 2 resources
[INFO] 
[INFO] --- maven-compiler-plugin:3.1:compile (default-compile) @ hadoop-assemblies ---
[INFO] No sources to compile
[INFO] 
[INFO] --- maven-resources-plugin:2.6:testResources (default-testResources) @ hadoop-assemblies ---
[INFO] Not copying test resources
[INFO] 
[INFO] --- maven-compiler-plugin:3.1:testCompile (default-testCompile) @ hadoop-assemblies ---
[INFO] Not compiling test sources
[INFO] 
[INFO] --- maven-surefire-plugin:2.21.0:test (default-test) @ hadoop-assemblies ---
[INFO] Tests are skipped.
[INFO] 
[INFO] --- maven-jar-plugin:2.5:jar (default-jar) @ hadoop-assemblies ---
[INFO] Building jar: /misc/scratch/xlswtest/projects/hadoop/hadoop-assemblies/target/hadoop-assemblies-3.3.0-SNAPSHOT.jar
[INFO] 
[INFO] --- maven-site-plugin:3.6:attach-descriptor (attach-descriptor) @ hadoop-assemblies ---
[INFO] Skipping because packaging 'jar' is not pom.
[INFO] 
[INFO] --- animal-sniffer-maven-plugin:1.16:check (signature-check) @ hadoop-assemblies ---
[INFO] Checking unresolved references to org.codehaus.mojo.signature:java18:1.0
[INFO] 
[INFO] --- maven-enforcer-plugin:3.0.0-M1:enforce (depcheck) @ hadoop-assemblies ---
[INFO] 
[INFO] --- maven-install-plugin:2.5.1:install (default-install) @ hadoop-assemblies ---
[INFO] Installing /misc/scratch/xlswtest/projects/hadoop/hadoop-assemblies/target/hadoop-assemblies-3.3.0-SNAPSHOT.jar to /home/ecelrc/guest/xliu5/.m2/repository/org/apache/hadoop/hadoop-assemblies/3.3.0-SNAPSHOT/hadoop-assemblies-3.3.0-SNAPSHOT.jar
[INFO] Installing /misc/scratch/xlswtest/projects/hadoop/hadoop-assemblies/pom.xml to /home/ecelrc/guest/xliu5/.m2/repository/org/apache/hadoop/hadoop-assemblies/3.3.0-SNAPSHOT/hadoop-assemblies-3.3.0-SNAPSHOT.pom
[INFO] 
[INFO] ------------------------------------------------------------------------
[INFO] Building Apache Hadoop Maven Plugins 3.3.0-SNAPSHOT
[INFO] ------------------------------------------------------------------------
[INFO] 
[INFO] --- maven-antrun-plugin:1.7:run (create-testdirs) @ hadoop-maven-plugins ---
[INFO] Executing tasks

main:
[INFO] Executed tasks
[INFO] 
[INFO] --- maven-remote-resources-plugin:1.5:process (default) @ hadoop-maven-plugins ---
[INFO] 
[INFO] --- maven-resources-plugin:2.6:resources (default-resources) @ hadoop-maven-plugins ---
[INFO] Using 'UTF-8' encoding to copy filtered resources.
[INFO] skip non existing resourceDirectory /misc/scratch/xlswtest/projects/hadoop/hadoop-maven-plugins/src/main/resources
[INFO] Copying 2 resources
[INFO] 
[INFO] --- maven-compiler-plugin:3.1:compile (default-compile) @ hadoop-maven-plugins ---
[INFO] Compiling 2 source files to /misc/scratch/xlswtest/projects/hadoop/hadoop-maven-plugins/target/classes
[INFO] 
[INFO] --- maven-plugin-plugin:3.5.1:descriptor (default-descriptor) @ hadoop-maven-plugins ---
[INFO] Using 'UTF-8' encoding to read mojo source files.
[INFO] java-javadoc mojo extractor found 0 mojo descriptor.
[INFO] java-annotations mojo extractor found 7 mojo descriptors.
[INFO] 
[INFO] --- maven-resources-plugin:2.6:testResources (default-testResources) @ hadoop-maven-plugins ---
[INFO] Not copying test resources
[INFO] 
[INFO] --- maven-compiler-plugin:3.1:testCompile (default-testCompile) @ hadoop-maven-plugins ---
[INFO] Not compiling test sources
[INFO] 
[INFO] --- maven-surefire-plugin:2.21.0:test (default-test) @ hadoop-maven-plugins ---
[INFO] Tests are skipped.
[INFO] 
[INFO] --- maven-jar-plugin:2.5:jar (default-jar) @ hadoop-maven-plugins ---
[INFO] Building jar: /misc/scratch/xlswtest/projects/hadoop/hadoop-maven-plugins/target/hadoop-maven-plugins-3.3.0-SNAPSHOT.jar
[INFO] 
[INFO] --- maven-plugin-plugin:3.5.1:addPluginArtifactMetadata (default-addPluginArtifactMetadata) @ hadoop-maven-plugins ---
[INFO] 
[INFO] --- maven-site-plugin:3.6:attach-descriptor (attach-descriptor) @ hadoop-maven-plugins ---
[INFO] Skipping because packaging 'maven-plugin' is not pom.
[INFO] 
[INFO] --- animal-sniffer-maven-plugin:1.16:check (signature-check) @ hadoop-maven-plugins ---
[INFO] Checking unresolved references to org.codehaus.mojo.signature:java18:1.0
[INFO] 
[INFO] --- maven-enforcer-plugin:3.0.0-M1:enforce (depcheck) @ hadoop-maven-plugins ---
[INFO] 
[INFO] --- maven-install-plugin:2.5.1:install (default-install) @ hadoop-maven-plugins ---
[INFO] Installing /misc/scratch/xlswtest/projects/hadoop/hadoop-maven-plugins/target/hadoop-maven-plugins-3.3.0-SNAPSHOT.jar to /home/ecelrc/guest/xliu5/.m2/repository/org/apache/hadoop/hadoop-maven-plugins/3.3.0-SNAPSHOT/hadoop-maven-plugins-3.3.0-SNAPSHOT.jar
[INFO] Installing /misc/scratch/xlswtest/projects/hadoop/hadoop-maven-plugins/pom.xml to /home/ecelrc/guest/xliu5/.m2/repository/org/apache/hadoop/hadoop-maven-plugins/3.3.0-SNAPSHOT/hadoop-maven-plugins-3.3.0-SNAPSHOT.pom
[INFO] 
[INFO] ------------------------------------------------------------------------
[INFO] Building Apache Hadoop MiniKDC 3.3.0-SNAPSHOT
[INFO] ------------------------------------------------------------------------
[INFO] 
[INFO] --- maven-antrun-plugin:1.7:run (create-testdirs) @ hadoop-minikdc ---
[INFO] Executing tasks

main:
[INFO] Executed tasks
[INFO] 
[INFO] --- maven-remote-resources-plugin:1.5:process (default) @ hadoop-minikdc ---
[INFO] 
[INFO] --- maven-resources-plugin:2.6:resources (default-resources) @ hadoop-minikdc ---
[INFO] Using 'UTF-8' encoding to copy filtered resources.
[INFO] Copying 1 resource
[INFO] Copying 2 resources
[INFO] 
[INFO] --- maven-compiler-plugin:3.1:compile (default-compile) @ hadoop-minikdc ---
[INFO] Nothing to compile - all classes are up to date
[INFO] 
[INFO] --- maven-resources-plugin:2.6:testResources (default-testResources) @ hadoop-minikdc ---
[INFO] Not copying test resources
[INFO] 
[INFO] --- maven-compiler-plugin:3.1:testCompile (default-testCompile) @ hadoop-minikdc ---
[INFO] Not compiling test sources
[INFO] 
[INFO] --- maven-surefire-plugin:2.21.0:test (default-test) @ hadoop-minikdc ---
[INFO] Tests are skipped.
[INFO] 
[INFO] --- maven-jar-plugin:2.5:jar (default-jar) @ hadoop-minikdc ---
[INFO] Building jar: /misc/scratch/xlswtest/projects/hadoop/hadoop-common-project/hadoop-minikdc/target/hadoop-minikdc-3.3.0-SNAPSHOT.jar
[INFO] 
[INFO] --- maven-site-plugin:3.6:attach-descriptor (attach-descriptor) @ hadoop-minikdc ---
[INFO] Skipping because packaging 'jar' is not pom.
[INFO] 
[INFO] --- animal-sniffer-maven-plugin:1.16:check (signature-check) @ hadoop-minikdc ---
[INFO] Checking unresolved references to org.codehaus.mojo.signature:java18:1.0
[INFO] 
[INFO] --- maven-enforcer-plugin:3.0.0-M1:enforce (depcheck) @ hadoop-minikdc ---
[INFO] 
[INFO] --- maven-install-plugin:2.5.1:install (default-install) @ hadoop-minikdc ---
[INFO] Installing /misc/scratch/xlswtest/projects/hadoop/hadoop-common-project/hadoop-minikdc/target/hadoop-minikdc-3.3.0-SNAPSHOT.jar to /home/ecelrc/guest/xliu5/.m2/repository/org/apache/hadoop/hadoop-minikdc/3.3.0-SNAPSHOT/hadoop-minikdc-3.3.0-SNAPSHOT.jar
[INFO] Installing /misc/scratch/xlswtest/projects/hadoop/hadoop-common-project/hadoop-minikdc/pom.xml to /home/ecelrc/guest/xliu5/.m2/repository/org/apache/hadoop/hadoop-minikdc/3.3.0-SNAPSHOT/hadoop-minikdc-3.3.0-SNAPSHOT.pom
[INFO] 
[INFO] ------------------------------------------------------------------------
[INFO] Building Apache Hadoop Auth 3.3.0-SNAPSHOT
[INFO] ------------------------------------------------------------------------
[INFO] 
[INFO] --- maven-antrun-plugin:1.7:run (create-testdirs) @ hadoop-auth ---
[INFO] Executing tasks

main:
[INFO] Executed tasks
[INFO] 
[INFO] --- maven-remote-resources-plugin:1.5:process (default) @ hadoop-auth ---
[INFO] 
[INFO] --- maven-resources-plugin:2.6:resources (default-resources) @ hadoop-auth ---
[INFO] Using 'UTF-8' encoding to copy filtered resources.
[INFO] skip non existing resourceDirectory /misc/scratch/xlswtest/projects/hadoop/hadoop-common-project/hadoop-auth/src/main/resources
[INFO] Copying 2 resources
[INFO] 
[INFO] --- maven-compiler-plugin:3.1:compile (default-compile) @ hadoop-auth ---
[INFO] Nothing to compile - all classes are up to date
[INFO] 
[INFO] --- maven-resources-plugin:2.6:testResources (default-testResources) @ hadoop-auth ---
[INFO] Not copying test resources
[INFO] 
[INFO] --- maven-compiler-plugin:3.1:testCompile (default-testCompile) @ hadoop-auth ---
[INFO] Not compiling test sources
[INFO] 
[INFO] --- maven-surefire-plugin:2.21.0:test (default-test) @ hadoop-auth ---
[INFO] Tests are skipped.
[INFO] 
[INFO] >>> maven-source-plugin:2.3:jar (default) > generate-sources @ hadoop-auth >>>
[INFO] 
[INFO] --- maven-antrun-plugin:1.7:run (create-testdirs) @ hadoop-auth ---
[INFO] Executing tasks

main:
[INFO] Executed tasks
[INFO] 
[INFO] <<< maven-source-plugin:2.3:jar (default) < generate-sources @ hadoop-auth <<<
[INFO] 
[INFO] 
[INFO] --- maven-source-plugin:2.3:jar (default) @ hadoop-auth ---
[INFO] Building jar: /misc/scratch/xlswtest/projects/hadoop/hadoop-common-project/hadoop-auth/target/hadoop-auth-3.3.0-SNAPSHOT-sources.jar
[INFO] 
[INFO] --- maven-jar-plugin:2.5:jar (prepare-jar) @ hadoop-auth ---
[INFO] Building jar: /misc/scratch/xlswtest/projects/hadoop/hadoop-common-project/hadoop-auth/target/hadoop-auth-3.3.0-SNAPSHOT.jar
[INFO] 
[INFO] --- maven-jar-plugin:2.5:test-jar (prepare-test-jar) @ hadoop-auth ---
[INFO] Skipping packaging of the test-jar
[INFO] 
[INFO] --- maven-jar-plugin:2.5:jar (default-jar) @ hadoop-auth ---
[INFO] 
[INFO] --- maven-site-plugin:3.6:attach-descriptor (attach-descriptor) @ hadoop-auth ---
[INFO] Skipping because packaging 'jar' is not pom.
[INFO] 
[INFO] --- animal-sniffer-maven-plugin:1.16:check (signature-check) @ hadoop-auth ---
[INFO] Checking unresolved references to org.codehaus.mojo.signature:java18:1.0
[INFO] 
[INFO] --- maven-enforcer-plugin:3.0.0-M1:enforce (depcheck) @ hadoop-auth ---
[INFO] 
[INFO] --- maven-install-plugin:2.5.1:install (default-install) @ hadoop-auth ---
[INFO] Installing /misc/scratch/xlswtest/projects/hadoop/hadoop-common-project/hadoop-auth/target/hadoop-auth-3.3.0-SNAPSHOT.jar to /home/ecelrc/guest/xliu5/.m2/repository/org/apache/hadoop/hadoop-auth/3.3.0-SNAPSHOT/hadoop-auth-3.3.0-SNAPSHOT.jar
[INFO] Installing /misc/scratch/xlswtest/projects/hadoop/hadoop-common-project/hadoop-auth/pom.xml to /home/ecelrc/guest/xliu5/.m2/repository/org/apache/hadoop/hadoop-auth/3.3.0-SNAPSHOT/hadoop-auth-3.3.0-SNAPSHOT.pom
[INFO] Installing /misc/scratch/xlswtest/projects/hadoop/hadoop-common-project/hadoop-auth/target/hadoop-auth-3.3.0-SNAPSHOT-sources.jar to /home/ecelrc/guest/xliu5/.m2/repository/org/apache/hadoop/hadoop-auth/3.3.0-SNAPSHOT/hadoop-auth-3.3.0-SNAPSHOT-sources.jar
[INFO] 
[INFO] ------------------------------------------------------------------------
[INFO] Building Apache Hadoop Auth Examples 3.3.0-SNAPSHOT
[INFO] ------------------------------------------------------------------------
[INFO] 
[INFO] --- maven-antrun-plugin:1.7:run (create-testdirs) @ hadoop-auth-examples ---
[INFO] Executing tasks

main:
[INFO] Executed tasks
[INFO] 
[INFO] --- maven-remote-resources-plugin:1.5:process (default) @ hadoop-auth-examples ---
[INFO] 
[INFO] --- maven-resources-plugin:2.6:resources (default-resources) @ hadoop-auth-examples ---
[INFO] Using 'UTF-8' encoding to copy filtered resources.
[INFO] Copying 1 resource
[INFO] Copying 2 resources
[INFO] 
[INFO] --- maven-compiler-plugin:3.1:compile (default-compile) @ hadoop-auth-examples ---
[INFO] Nothing to compile - all classes are up to date
[INFO] 
[INFO] --- maven-resources-plugin:2.6:testResources (default-testResources) @ hadoop-auth-examples ---
[INFO] Not copying test resources
[INFO] 
[INFO] --- maven-compiler-plugin:3.1:testCompile (default-testCompile) @ hadoop-auth-examples ---
[INFO] Not compiling test sources
[INFO] 
[INFO] --- maven-surefire-plugin:2.21.0:test (default-test) @ hadoop-auth-examples ---
[INFO] Tests are skipped.
[INFO] 
[INFO] --- maven-war-plugin:3.1.0:war (default-war) @ hadoop-auth-examples ---
[INFO] Packaging webapp
[INFO] Assembling webapp [hadoop-auth-examples] in [/misc/scratch/xlswtest/projects/hadoop/hadoop-common-project/hadoop-auth-examples/target/hadoop-auth-examples-3.3.0-SNAPSHOT]
[INFO] Processing war project
[INFO] Copying webapp resources [/misc/scratch/xlswtest/projects/hadoop/hadoop-common-project/hadoop-auth-examples/src/main/webapp]
[INFO] Webapp assembled in [254 msecs]
[INFO] Building war: /misc/scratch/xlswtest/projects/hadoop/hadoop-common-project/hadoop-auth-examples/target/hadoop-auth-examples.war
[INFO] 
[INFO] --- maven-site-plugin:3.6:attach-descriptor (attach-descriptor) @ hadoop-auth-examples ---
[INFO] Skipping because packaging 'war' is not pom.
[INFO] 
[INFO] --- animal-sniffer-maven-plugin:1.16:check (signature-check) @ hadoop-auth-examples ---
[INFO] Checking unresolved references to org.codehaus.mojo.signature:java18:1.0
[INFO] 
[INFO] --- maven-enforcer-plugin:3.0.0-M1:enforce (depcheck) @ hadoop-auth-examples ---
[INFO] 
[INFO] --- maven-install-plugin:2.5.1:install (default-install) @ hadoop-auth-examples ---
[INFO] Installing /misc/scratch/xlswtest/projects/hadoop/hadoop-common-project/hadoop-auth-examples/target/hadoop-auth-examples.war to /home/ecelrc/guest/xliu5/.m2/repository/org/apache/hadoop/hadoop-auth-examples/3.3.0-SNAPSHOT/hadoop-auth-examples-3.3.0-SNAPSHOT.war
[INFO] Installing /misc/scratch/xlswtest/projects/hadoop/hadoop-common-project/hadoop-auth-examples/pom.xml to /home/ecelrc/guest/xliu5/.m2/repository/org/apache/hadoop/hadoop-auth-examples/3.3.0-SNAPSHOT/hadoop-auth-examples-3.3.0-SNAPSHOT.pom
[INFO] 
[INFO] ------------------------------------------------------------------------
[INFO] Building Apache Hadoop Common 3.3.0-SNAPSHOT
[INFO] ------------------------------------------------------------------------
[INFO] ------------------------------------------------------------------------
[INFO] Reactor Summary:
[INFO] 
[INFO] Apache Hadoop Main ................................. SUCCESS [  1.738 s]
[INFO] Apache Hadoop Build Tools .......................... SUCCESS [  2.357 s]
[INFO] Apache Hadoop Project POM .......................... SUCCESS [  1.201 s]
[INFO] Apache Hadoop Annotations .......................... SUCCESS [  1.145 s]
[INFO] Apache Hadoop Project Dist POM ..................... SUCCESS [  0.697 s]
[INFO] Apache Hadoop Assemblies ........................... SUCCESS [  0.632 s]
[INFO] Apache Hadoop Maven Plugins ........................ SUCCESS [  3.873 s]
[INFO] Apache Hadoop MiniKDC .............................. SUCCESS [  1.644 s]
[INFO] Apache Hadoop Auth ................................. SUCCESS [  6.824 s]
[INFO] Apache Hadoop Auth Examples ........................ SUCCESS [  2.612 s]
[INFO] Apache Hadoop Common ............................... FAILURE [  0.407 s]
[INFO] Apache Hadoop NFS .................................. SKIPPED
[INFO] Apache Hadoop KMS .................................. SKIPPED
[INFO] Apache Hadoop Common Project ....................... SKIPPED
[INFO] Apache Hadoop HDFS Client .......................... SKIPPED
[INFO] Apache Hadoop HDFS ................................. SKIPPED
[INFO] Apache Hadoop HDFS Native Client ................... SKIPPED
[INFO] Apache Hadoop HttpFS ............................... SKIPPED
[INFO] Apache Hadoop HDFS-NFS ............................. SKIPPED
[INFO] Apache Hadoop HDFS-RBF ............................. SKIPPED
[INFO] Apache Hadoop HDFS Project ......................... SKIPPED
[INFO] Apache Hadoop YARN ................................. SKIPPED
[INFO] Apache Hadoop YARN API ............................. SKIPPED
[INFO] Apache Hadoop YARN Common .......................... SKIPPED
[INFO] Apache Hadoop YARN Registry ........................ SKIPPED
[INFO] Apache Hadoop YARN Server .......................... SKIPPED
[INFO] Apache Hadoop YARN Server Common ................... SKIPPED
[INFO] Apache Hadoop YARN NodeManager ..................... SKIPPED
[INFO] Apache Hadoop YARN Web Proxy ....................... SKIPPED
[INFO] Apache Hadoop YARN ApplicationHistoryService ....... SKIPPED
[INFO] Apache Hadoop YARN Timeline Service ................ SKIPPED
[INFO] Apache Hadoop YARN ResourceManager ................. SKIPPED
[INFO] Apache Hadoop YARN Server Tests .................... SKIPPED
[INFO] Apache Hadoop YARN Client .......................... SKIPPED
[INFO] Apache Hadoop YARN SharedCacheManager .............. SKIPPED
[INFO] Apache Hadoop YARN Timeline Plugin Storage ......... SKIPPED
[INFO] Apache Hadoop YARN TimelineService HBase Backend ... SKIPPED
[INFO] Apache Hadoop YARN TimelineService HBase Common .... SKIPPED
[INFO] Apache Hadoop YARN TimelineService HBase Client .... SKIPPED
[INFO] Apache Hadoop YARN TimelineService HBase Servers ... SKIPPED
[INFO] Apache Hadoop YARN TimelineService HBase Server 1.2  SKIPPED
[INFO] Apache Hadoop YARN TimelineService HBase tests ..... SKIPPED
[INFO] Apache Hadoop YARN Router .......................... SKIPPED
[INFO] Apache Hadoop YARN Applications .................... SKIPPED
[INFO] Apache Hadoop YARN DistributedShell ................ SKIPPED
[INFO] Apache Hadoop YARN Unmanaged Am Launcher ........... SKIPPED
[INFO] Apache Hadoop MapReduce Client ..................... SKIPPED
[INFO] Apache Hadoop MapReduce Core ....................... SKIPPED
[INFO] Apache Hadoop MapReduce Common ..................... SKIPPED
[INFO] Apache Hadoop MapReduce Shuffle .................... SKIPPED
[INFO] Apache Hadoop MapReduce App ........................ SKIPPED
[INFO] Apache Hadoop MapReduce HistoryServer .............. SKIPPED
[INFO] Apache Hadoop MapReduce JobClient .................. SKIPPED
[INFO] Apache Hadoop Mini-Cluster ......................... SKIPPED
[INFO] Apache Hadoop YARN Services ........................ SKIPPED
[INFO] Apache Hadoop YARN Services Core ................... SKIPPED
[INFO] Apache Hadoop YARN Services API .................... SKIPPED
[INFO] Apache Hadoop Image Generation Tool ................ SKIPPED
[INFO] Yet Another Learning Platform ...................... SKIPPED
[INFO] Apache Hadoop YARN Site ............................ SKIPPED
[INFO] Apache Hadoop YARN UI .............................. SKIPPED
[INFO] Apache Hadoop YARN Project ......................... SKIPPED
[INFO] Apache Hadoop MapReduce HistoryServer Plugins ...... SKIPPED
[INFO] Apache Hadoop MapReduce NativeTask ................. SKIPPED
[INFO] Apache Hadoop MapReduce Uploader ................... SKIPPED
[INFO] Apache Hadoop MapReduce Examples ................... SKIPPED
[INFO] Apache Hadoop MapReduce ............................ SKIPPED
[INFO] Apache Hadoop MapReduce Streaming .................. SKIPPED
[INFO] Apache Hadoop Distributed Copy ..................... SKIPPED
[INFO] Apache Hadoop Archives ............................. SKIPPED
[INFO] Apache Hadoop Archive Logs ......................... SKIPPED
[INFO] Apache Hadoop Rumen ................................ SKIPPED
[INFO] Apache Hadoop Gridmix .............................. SKIPPED
[INFO] Apache Hadoop Data Join ............................ SKIPPED
[INFO] Apache Hadoop Extras ............................... SKIPPED
[INFO] Apache Hadoop Pipes ................................ SKIPPED
[INFO] Apache Hadoop OpenStack support .................... SKIPPED
[INFO] Apache Hadoop Amazon Web Services support .......... SKIPPED
[INFO] Apache Hadoop Kafka Library support ................ SKIPPED
[INFO] Apache Hadoop Azure support ........................ SKIPPED
[INFO] Apache Hadoop Aliyun OSS support ................... SKIPPED
[INFO] Apache Hadoop Client Aggregator .................... SKIPPED
[INFO] Apache Hadoop Scheduler Load Simulator ............. SKIPPED
[INFO] Apache Hadoop Resource Estimator Service ........... SKIPPED
[INFO] Apache Hadoop Azure Data Lake support .............. SKIPPED
[INFO] Apache Hadoop Tools Dist ........................... SKIPPED
[INFO] Apache Hadoop Tools ................................ SKIPPED
[INFO] Apache Hadoop Client API ........................... SKIPPED
[INFO] Apache Hadoop Client Runtime ....................... SKIPPED
[INFO] Apache Hadoop Client Packaging Invariants .......... SKIPPED
[INFO] Apache Hadoop Client Test Minicluster .............. SKIPPED
[INFO] Apache Hadoop Client Packaging Invariants for Test . SKIPPED
[INFO] Apache Hadoop Client Packaging Integration Tests ... SKIPPED
[INFO] Apache Hadoop Distribution ......................... SKIPPED
[INFO] Apache Hadoop Client Modules ....................... SKIPPED
[INFO] Apache Hadoop Cloud Storage ........................ SKIPPED
[INFO] Apache Hadoop Cloud Storage Project ................ SKIPPED
[INFO] ------------------------------------------------------------------------
[INFO] BUILD FAILURE
[INFO] ------------------------------------------------------------------------
[INFO] Total time: 25.191 s
[INFO] Finished at: 2022-10-28T19:07:00-05:00
[INFO] Final Memory: 166M/3402M
[INFO] ------------------------------------------------------------------------
[ERROR] Failed to execute goal on project hadoop-common: Could not resolve dependencies for project org.apache.hadoop:hadoop-common:jar:3.3.0-SNAPSHOT: Failure to find org.apache.hadoop:hadoop-auth:jar:tests:3.3.0-SNAPSHOT in https://repository.apache.org/content/repositories/snapshots was cached in the local repository, resolution will not be reattempted until the update interval of apache.snapshots.https has elapsed or updates are forced -> [Help 1]
[ERROR] 
[ERROR] To see the full stack trace of the errors, re-run Maven with the -e switch.
[ERROR] Re-run Maven using the -X switch to enable full debug logging.
[ERROR] 
[ERROR] For more information about the errors and possible solutions, please read the following articles:
[ERROR] [Help 1] http://cwiki.apache.org/confluence/display/MAVEN/DependencyResolutionException
[ERROR] 
[ERROR] After correcting the problems, you can resume the build with the command
[ERROR]   mvn <goals> -rf :hadoop-common
[INFO] Scanning for projects...
[WARNING] 
[WARNING] Some problems were encountered while building the effective model for org.apache.hadoop:hadoop-auth:jar:3.3.0-SNAPSHOT
[WARNING] 'build.plugins.plugin.(groupId:artifactId)' must be unique but found duplicate declaration of plugin edu.illinois.cs:idflakies-maven-plugin @ line 237, column 17
[WARNING] 'build.plugins.plugin.(groupId:artifactId)' must be unique but found duplicate declaration of plugin edu.illinois.cs:idflakies-maven-plugin @ org.apache.hadoop:hadoop-project:3.3.0-SNAPSHOT, /misc/scratch/xlswtest/projects/hadoop/hadoop-project/pom.xml, line 1907, column 17
[WARNING] 'build.plugins.plugin.(groupId:artifactId)' must be unique but found duplicate declaration of plugin edu.illinois.cs:idflakies-maven-plugin @ org.apache.hadoop:hadoop-main:3.3.0-SNAPSHOT, /misc/scratch/xlswtest/projects/hadoop/pom.xml, line 450, column 17
[WARNING] 
[WARNING] It is highly recommended to fix these problems because they threaten the stability of your build.
[WARNING] 
[WARNING] For this reason, future Maven versions might no longer support building such malformed projects.
[WARNING] 
[INFO] 
[INFO] ------------------------------------------------------------------------
[INFO] Building Apache Hadoop Auth 3.3.0-SNAPSHOT
[INFO] ------------------------------------------------------------------------
[INFO] 
[INFO] --- maven-antrun-plugin:1.7:run (create-testdirs) @ hadoop-auth ---
[INFO] Executing tasks

main:
[INFO] Executed tasks
[INFO] 
[INFO] --- maven-remote-resources-plugin:1.5:process (default) @ hadoop-auth ---
[INFO] 
[INFO] --- maven-resources-plugin:2.6:resources (default-resources) @ hadoop-auth ---
[INFO] Using 'UTF-8' encoding to copy filtered resources.
[INFO] skip non existing resourceDirectory /misc/scratch/xlswtest/projects/hadoop/hadoop-common-project/hadoop-auth/src/main/resources
[INFO] Copying 2 resources
[INFO] 
[INFO] --- maven-compiler-plugin:3.1:compile (default-compile) @ hadoop-auth ---
[INFO] Nothing to compile - all classes are up to date
[INFO] 
[INFO] --- maven-resources-plugin:2.6:testResources (default-testResources) @ hadoop-auth ---
[INFO] Not copying test resources
[INFO] 
[INFO] --- maven-compiler-plugin:3.1:testCompile (default-testCompile) @ hadoop-auth ---
[INFO] Not compiling test sources
[INFO] 
[INFO] --- maven-surefire-plugin:2.21.0:test (default-test) @ hadoop-auth ---
[INFO] Tests are skipped.
[INFO] 
[INFO] >>> maven-source-plugin:2.3:jar (default) > generate-sources @ hadoop-auth >>>
[INFO] 
[INFO] --- maven-antrun-plugin:1.7:run (create-testdirs) @ hadoop-auth ---
[INFO] Executing tasks

main:
[INFO] Executed tasks
[INFO] 
[INFO] <<< maven-source-plugin:2.3:jar (default) < generate-sources @ hadoop-auth <<<
[INFO] 
[INFO] 
[INFO] --- maven-source-plugin:2.3:jar (default) @ hadoop-auth ---
[INFO] Building jar: /misc/scratch/xlswtest/projects/hadoop/hadoop-common-project/hadoop-auth/target/hadoop-auth-3.3.0-SNAPSHOT-sources.jar
[INFO] 
[INFO] --- maven-jar-plugin:2.5:jar (prepare-jar) @ hadoop-auth ---
[INFO] Building jar: /misc/scratch/xlswtest/projects/hadoop/hadoop-common-project/hadoop-auth/target/hadoop-auth-3.3.0-SNAPSHOT.jar
[INFO] 
[INFO] --- maven-jar-plugin:2.5:test-jar (prepare-test-jar) @ hadoop-auth ---
[INFO] Skipping packaging of the test-jar
[INFO] 
[INFO] --- maven-jar-plugin:2.5:jar (default-jar) @ hadoop-auth ---
[INFO] 
[INFO] --- maven-site-plugin:3.6:attach-descriptor (attach-descriptor) @ hadoop-auth ---
[INFO] Skipping because packaging 'jar' is not pom.
[INFO] 
[INFO] --- animal-sniffer-maven-plugin:1.16:check (signature-check) @ hadoop-auth ---
[INFO] Checking unresolved references to org.codehaus.mojo.signature:java18:1.0
[INFO] 
[INFO] --- maven-enforcer-plugin:3.0.0-M1:enforce (depcheck) @ hadoop-auth ---
[INFO] 
[INFO] --- maven-install-plugin:2.5.1:install (default-install) @ hadoop-auth ---
[INFO] Installing /misc/scratch/xlswtest/projects/hadoop/hadoop-common-project/hadoop-auth/target/hadoop-auth-3.3.0-SNAPSHOT.jar to /home/ecelrc/guest/xliu5/.m2/repository/org/apache/hadoop/hadoop-auth/3.3.0-SNAPSHOT/hadoop-auth-3.3.0-SNAPSHOT.jar
[INFO] Installing /misc/scratch/xlswtest/projects/hadoop/hadoop-common-project/hadoop-auth/pom.xml to /home/ecelrc/guest/xliu5/.m2/repository/org/apache/hadoop/hadoop-auth/3.3.0-SNAPSHOT/hadoop-auth-3.3.0-SNAPSHOT.pom
[INFO] Installing /misc/scratch/xlswtest/projects/hadoop/hadoop-common-project/hadoop-auth/target/hadoop-auth-3.3.0-SNAPSHOT-sources.jar to /home/ecelrc/guest/xliu5/.m2/repository/org/apache/hadoop/hadoop-auth/3.3.0-SNAPSHOT/hadoop-auth-3.3.0-SNAPSHOT-sources.jar
[INFO] ------------------------------------------------------------------------
[INFO] BUILD SUCCESS
[INFO] ------------------------------------------------------------------------
[INFO] Total time: 10.910 s
[INFO] Finished at: 2022-10-28T19:07:12-05:00
[INFO] Final Memory: 45M/1832M
[INFO] ------------------------------------------------------------------------
[INFO] Scanning for projects...
[WARNING] 
[WARNING] Some problems were encountered while building the effective model for org.apache.hadoop:hadoop-auth:jar:3.3.0-SNAPSHOT
[WARNING] 'build.plugins.plugin.(groupId:artifactId)' must be unique but found duplicate declaration of plugin edu.illinois.cs:idflakies-maven-plugin @ line 237, column 17
[WARNING] 'build.plugins.plugin.(groupId:artifactId)' must be unique but found duplicate declaration of plugin edu.illinois.cs:idflakies-maven-plugin @ org.apache.hadoop:hadoop-project:3.3.0-SNAPSHOT, /misc/scratch/xlswtest/projects/hadoop/hadoop-project/pom.xml, line 1907, column 17
[WARNING] 'build.plugins.plugin.(groupId:artifactId)' must be unique but found duplicate declaration of plugin edu.illinois.cs:idflakies-maven-plugin @ org.apache.hadoop:hadoop-main:3.3.0-SNAPSHOT, /misc/scratch/xlswtest/projects/hadoop/pom.xml, line 450, column 17
[WARNING] 
[WARNING] It is highly recommended to fix these problems because they threaten the stability of your build.
[WARNING] 
[WARNING] For this reason, future Maven versions might no longer support building such malformed projects.
[WARNING] 
[INFO] 
[INFO] ------------------------------------------------------------------------
[INFO] Building Apache Hadoop Auth 3.3.0-SNAPSHOT
[INFO] ------------------------------------------------------------------------
[INFO] 
[INFO] >>> idflakies-maven-plugin:2.0.0:detect (default-cli) > test-compile @ hadoop-auth >>>
[INFO] 
[INFO] --- maven-antrun-plugin:1.7:run (create-testdirs) @ hadoop-auth ---
[INFO] Executing tasks

main:
[INFO] Executed tasks
[INFO] 
[INFO] --- maven-remote-resources-plugin:1.5:process (default) @ hadoop-auth ---
[INFO] 
[INFO] --- maven-resources-plugin:2.6:resources (default-resources) @ hadoop-auth ---
[INFO] Using 'UTF-8' encoding to copy filtered resources.
[INFO] skip non existing resourceDirectory /misc/scratch/xlswtest/projects/hadoop/hadoop-common-project/hadoop-auth/src/main/resources
[INFO] Copying 2 resources
[INFO] 
[INFO] --- maven-compiler-plugin:3.1:compile (default-compile) @ hadoop-auth ---
[INFO] Nothing to compile - all classes are up to date
[INFO] 
[INFO] --- maven-resources-plugin:2.6:testResources (default-testResources) @ hadoop-auth ---
[INFO] Using 'UTF-8' encoding to copy filtered resources.
[INFO] skip non existing resourceDirectory /misc/scratch/xlswtest/projects/hadoop/hadoop-common-project/hadoop-auth/src/test/resources
[INFO] Copying 2 resources
[INFO] 
[INFO] --- maven-compiler-plugin:3.1:testCompile (default-testCompile) @ hadoop-auth ---
[INFO] Nothing to compile - all classes are up to date
[INFO] 
[INFO] <<< idflakies-maven-plugin:2.0.0:detect (default-cli) < test-compile @ hadoop-auth <<<
[INFO] 
[INFO] 
[INFO] --- idflakies-maven-plugin:2.0.0:detect (default-cli) @ hadoop-auth ---
INFO: No timeout specified. Using randomize.rounds: 10
INFO: ROUNDS_CALCULATED: Giving org.apache.hadoop:hadoop-auth:3.3.0-SNAPSHOT 10 rounds to run for random-class-method
INFO: Locating tests...
